<?xml version="1.0" encoding="UTF-8" standalone="yes"?><!DOCTYPE report PUBLIC "-//JACOCO//DTD Report 1.1//EN" "report.dtd"><report name="final"><sessioninfo id="koukekoukedeMacBook-Air-6.local-eb3a57cd" start="1767026418597" dump="1767026419415"/><sessioninfo id="koukekoukedeMacBook-Air-6.local-71b91b07" start="1767026640808" dump="1767026641520"/><sessioninfo id="koukekoukedeMacBook-Air-6.local-52d6d73d" start="1767026927861" dump="1767026928547"/><package name="org/example/restaurant/repository"><class name="org/example/restaurant/repository/RestaurantRepository" sourcefilename="RestaurantRepository.java"><method name="&lt;init&gt;" desc="()V" line="18"><counter type="INSTRUCTION" missed="0" covered="8"/><counter type="LINE" missed="0" covered="3"/><counter type="COMPLEXITY" missed="0" covered="1"/><counter type="METHOD" missed="0" covered="1"/></method><method name="save" desc="(Lorg/example/restaurant/model/Restaurant;)Lorg/example/restaurant/model/Restaurant;" line="23"><counter type="INSTRUCTION" missed="0" covered="29"/><counter type="BRANCH" missed="0" covered="6"/><counter type="LINE" missed="0" covered="6"/><counter type="COMPLEXITY" missed="0" covered="4"/><counter type="METHOD" missed="0" covered="1"/></method><method name="findById" desc="(Ljava/lang/String;)Ljava/util/Optional;" line="34"><counter type="INSTRUCTION" missed="0" covered="11"/><counter type="BRANCH" missed="0" covered="2"/><counter type="LINE" missed="0" covered="3"/><counter type="COMPLEXITY" missed="0" covered="2"/><counter type="METHOD" missed="0" covered="1"/></method><method name="getById" desc="(Ljava/lang/String;)Lorg/example/restaurant/model/Restaurant;" line="41"><counter type="INSTRUCTION" missed="0" covered="8"/><counter type="LINE" missed="0" covered="2"/><counter type="COMPLEXITY" missed="0" covered="1"/><counter type="METHOD" missed="0" covered="1"/></method><method name="findAll" desc="()Ljava/util/List;" line="46"><counter type="INSTRUCTION" missed="0" covered="7"/><counter type="LINE" missed="0" covered="1"/><counter type="COMPLEXITY" missed="0" covered="1"/><counter type="METHOD" missed="0" covered="1"/></method><method name="findByName" desc="(Ljava/lang/String;)Ljava/util/List;" line="50"><counter type="INSTRUCTION" missed="0" covered="45"/><counter type="BRANCH" missed="0" covered="10"/><counter type="LINE" missed="0" covered="10"/><counter type="COMPLEXITY" missed="0" covered="6"/><counter type="METHOD" missed="0" covered="1"/></method><method name="delete" desc="(Ljava/lang/String;)V" line="65"><counter type="INSTRUCTION" missed="0" covered="8"/><counter type="BRANCH" missed="0" covered="2"/><counter type="LINE" missed="0" covered="3"/><counter type="COMPLEXITY" missed="0" covered="2"/><counter type="METHOD" missed="0" covered="1"/></method><method name="deleteAll" desc="()V" line="71"><counter type="INSTRUCTION" missed="0" covered="4"/><counter type="LINE" missed="0" covered="2"/><counter type="COMPLEXITY" missed="0" covered="1"/><counter type="METHOD" missed="0" covered="1"/></method><method name="exists" desc="(Ljava/lang/String;)Z" line="75"><counter type="INSTRUCTION" missed="0" covered="11"/><counter type="BRANCH" missed="0" covered="4"/><counter type="LINE" missed="0" covered="1"/><counter type="COMPLEXITY" missed="0" covered="3"/><counter type="METHOD" missed="0" covered="1"/></method><method name="count" desc="()J" line="79"><counter type="INSTRUCTION" missed="0" covered="5"/><counter type="LINE" missed="0" covered="1"/><counter type="COMPLEXITY" missed="0" covered="1"/><counter type="METHOD" missed="0" covered="1"/></method><method name="lambda$getById$0" desc="(Ljava/lang/String;)Lorg/example/restaurant/exception/RestaurantNotFoundException;" line="42"><counter type="INSTRUCTION" missed="0" covered="7"/><counter type="LINE" missed="0" covered="1"/><counter type="COMPLEXITY" missed="0" covered="1"/><counter type="METHOD" missed="0" covered="1"/></method><counter type="INSTRUCTION" missed="0" covered="143"/><counter type="BRANCH" missed="0" covered="24"/><counter type="LINE" missed="0" covered="32"/><counter type="COMPLEXITY" missed="0" covered="23"/><counter type="METHOD" missed="0" covered="11"/><counter type="CLASS" missed="0" covered="1"/></class><sourcefile name="RestaurantRepository.java"><line nr="18" mi="0" ci="2" mb="0" cb="0"/><line nr="19" mi="0" ci="5" mb="0" cb="0"/><line nr="20" mi="0" ci="1" mb="0" cb="0"/><line nr="23" mi="0" ci="2" mb="0" cb="2"/><line nr="24" mi="0" ci="5" mb="0" cb="0"/><line nr="26" mi="0" ci="8" mb="0" cb="4"/><line nr="27" mi="0" ci="5" mb="0" cb="0"/><line nr="29" mi="0" ci="7" mb="0" cb="0"/><line nr="30" mi="0" ci="2" mb="0" cb="0"/><line nr="34" mi="0" ci="2" mb="0" cb="2"/><line nr="35" mi="0" ci="2" mb="0" cb="0"/><line nr="37" mi="0" ci="7" mb="0" cb="0"/><line nr="41" mi="0" ci="6" mb="0" cb="0"/><line nr="42" mi="0" ci="9" mb="0" cb="0"/><line nr="46" mi="0" ci="7" mb="0" cb="0"/><line nr="50" mi="0" ci="6" mb="0" cb="4"/><line nr="51" mi="0" ci="4" mb="0" cb="0"/><line nr="53" mi="0" ci="4" mb="0" cb="0"/><line nr="54" mi="0" ci="3" mb="0" cb="0"/><line nr="55" mi="0" ci="12" mb="0" cb="2"/><line nr="56" mi="0" ci="4" mb="0" cb="2"/><line nr="57" mi="0" ci="5" mb="0" cb="2"/><line nr="58" mi="0" ci="4" mb="0" cb="0"/><line nr="60" mi="0" ci="1" mb="0" cb="0"/><line nr="61" mi="0" ci="2" mb="0" cb="0"/><line nr="65" mi="0" ci="2" mb="0" cb="2"/><line nr="66" mi="0" ci="5" mb="0" cb="0"/><line nr="68" mi="0" ci="1" mb="0" cb="0"/><line nr="71" mi="0" ci="3" mb="0" cb="0"/><line nr="72" mi="0" ci="1" mb="0" cb="0"/><line nr="75" mi="0" ci="11" mb="0" cb="4"/><line nr="79" mi="0" ci="5" mb="0" cb="0"/><counter type="INSTRUCTION" missed="0" covered="143"/><counter type="BRANCH" missed="0" covered="24"/><counter type="LINE" missed="0" covered="32"/><counter type="COMPLEXITY" missed="0" covered="23"/><counter type="METHOD" missed="0" covered="11"/><counter type="CLASS" missed="0" covered="1"/></sourcefile><counter type="INSTRUCTION" missed="0" covered="143"/><counter type="BRANCH" missed="0" covered="24"/><counter type="LINE" missed="0" covered="32"/><counter type="COMPLEXITY" missed="0" covered="23"/><counter type="METHOD" missed="0" covered="11"/><counter type="CLASS" missed="0" covered="1"/></package><package name="org/example/restaurant/exception"><class name="org/example/restaurant/exception/RestaurantNotFoundException" sourcefilename="RestaurantNotFoundException.java"><method name="&lt;init&gt;" desc="(Ljava/lang/String;)V" line="10"><counter type="INSTRUCTION" missed="0" covered="7"/><counter type="LINE" missed="0" covered="3"/><counter type="COMPLEXITY" missed="0" covered="1"/><counter type="METHOD" missed="0" covered="1"/></method><method name="&lt;init&gt;" desc="(Ljava/lang/String;Ljava/lang/String;)V" line="15"><counter type="INSTRUCTION" missed="0" covered="7"/><counter type="LINE" missed="0" covered="3"/><counter type="COMPLEXITY" missed="0" covered="1"/><counter type="METHOD" missed="0" covered="1"/></method><method name="getRestaurantId" desc="()Ljava/lang/String;" line="20"><counter type="INSTRUCTION" missed="0" covered="3"/><counter type="LINE" missed="0" covered="1"/><counter type="COMPLEXITY" missed="0" covered="1"/><counter type="METHOD" missed="0" covered="1"/></method><method name="toString" desc="()Ljava/lang/String;" line="25"><counter type="INSTRUCTION" missed="0" covered="33"/><counter type="BRANCH" missed="0" covered="2"/><counter type="LINE" missed="0" covered="6"/><counter type="COMPLEXITY" missed="0" covered="2"/><counter type="METHOD" missed="0" covered="1"/></method><counter type="INSTRUCTION" missed="0" covered="50"/><counter type="BRANCH" missed="0" covered="2"/><counter type="LINE" missed="0" covered="13"/><counter type="COMPLEXITY" missed="0" covered="5"/><counter type="METHOD" missed="0" covered="4"/><counter type="CLASS" missed="0" covered="1"/></class><class name="org/example/restaurant/exception/ValidationException" sourcefilename="ValidationException.java"><method name="&lt;init&gt;" desc="(Ljava/lang/String;)V" line="11"><counter type="INSTRUCTION" missed="0" covered="10"/><counter type="LINE" missed="0" covered="4"/><counter type="COMPLEXITY" missed="0" covered="1"/><counter type="METHOD" missed="0" covered="1"/></method><method name="&lt;init&gt;" desc="(Ljava/lang/String;Ljava/lang/String;)V" line="17"><counter type="INSTRUCTION" missed="0" covered="10"/><counter type="LINE" missed="0" covered="4"/><counter type="COMPLEXITY" missed="0" covered="1"/><counter type="METHOD" missed="0" covered="1"/></method><method name="&lt;init&gt;" desc="(Ljava/lang/String;Ljava/lang/String;Ljava/lang/String;)V" line="23"><counter type="INSTRUCTION" missed="0" covered="10"/><counter type="LINE" missed="0" covered="4"/><counter type="COMPLEXITY" missed="0" covered="1"/><counter type="METHOD" missed="0" covered="1"/></method><method name="getField" desc="()Ljava/lang/String;" line="29"><counter type="INSTRUCTION" missed="0" covered="3"/><counter type="LINE" missed="0" covered="1"/><counter type="COMPLEXITY" missed="0" covered="1"/><counter type="METHOD" missed="0" covered="1"/></method><method name="getErrorCode" desc="()Ljava/lang/String;" line="33"><counter type="INSTRUCTION" missed="0" covered="3"/><counter type="LINE" missed="0" covered="1"/><counter type="COMPLEXITY" missed="0" covered="1"/><counter type="METHOD" missed="0" covered="1"/></method><method name="toString" desc="()Ljava/lang/String;" line="38"><counter type="INSTRUCTION" missed="0" covered="42"/><counter type="BRANCH" missed="0" covered="2"/><counter type="LINE" missed="0" covered="7"/><counter type="COMPLEXITY" missed="0" covered="2"/><counter type="METHOD" missed="0" covered="1"/></method><counter type="INSTRUCTION" missed="0" covered="78"/><counter type="BRANCH" missed="0" covered="2"/><counter type="LINE" missed="0" covered="21"/><counter type="COMPLEXITY" missed="0" covered="7"/><counter type="METHOD" missed="0" covered="6"/><counter type="CLASS" missed="0" covered="1"/></class><sourcefile name="ValidationException.java"><line nr="11" mi="0" ci="3" mb="0" cb="0"/><line nr="12" mi="0" ci="3" mb="0" cb="0"/><line nr="13" mi="0" ci="3" mb="0" cb="0"/><line nr="14" mi="0" ci="1" mb="0" cb="0"/><line nr="17" mi="0" ci="3" mb="0" cb="0"/><line nr="18" mi="0" ci="3" mb="0" cb="0"/><line nr="19" mi="0" ci="3" mb="0" cb="0"/><line nr="20" mi="0" ci="1" mb="0" cb="0"/><line nr="23" mi="0" ci="3" mb="0" cb="0"/><line nr="24" mi="0" ci="3" mb="0" cb="0"/><line nr="25" mi="0" ci="3" mb="0" cb="0"/><line nr="26" mi="0" ci="1" mb="0" cb="0"/><line nr="29" mi="0" ci="3" mb="0" cb="0"/><line nr="33" mi="0" ci="3" mb="0" cb="0"/><line nr="38" mi="0" ci="5" mb="0" cb="0"/><line nr="39" mi="0" ci="9" mb="0" cb="0"/><line nr="40" mi="0" ci="3" mb="0" cb="2"/><line nr="41" mi="0" ci="9" mb="0" cb="0"/><line nr="43" mi="0" ci="9" mb="0" cb="0"/><line nr="44" mi="0" ci="4" mb="0" cb="0"/><line nr="45" mi="0" ci="3" mb="0" cb="0"/><counter type="INSTRUCTION" missed="0" covered="78"/><counter type="BRANCH" missed="0" covered="2"/><counter type="LINE" missed="0" covered="21"/><counter type="COMPLEXITY" missed="0" covered="7"/><counter type="METHOD" missed="0" covered="6"/><counter type="CLASS" missed="0" covered="1"/></sourcefile><sourcefile name="RestaurantNotFoundException.java"><line nr="10" mi="0" ci="3" mb="0" cb="0"/><line nr="11" mi="0" ci="3" mb="0" cb="0"/><line nr="12" mi="0" ci="1" mb="0" cb="0"/><line nr="15" mi="0" ci="3" mb="0" cb="0"/><line nr="16" mi="0" ci="3" mb="0" cb="0"/><line nr="17" mi="0" ci="1" mb="0" cb="0"/><line nr="20" mi="0" ci="3" mb="0" cb="0"/><line nr="25" mi="0" ci="5" mb="0" cb="0"/><line nr="26" mi="0" ci="9" mb="0" cb="0"/><line nr="27" mi="0" ci="3" mb="0" cb="2"/><line nr="28" mi="0" ci="9" mb="0" cb="0"/><line nr="30" mi="0" ci="4" mb="0" cb="0"/><line nr="31" mi="0" ci="3" mb="0" cb="0"/><counter type="INSTRUCTION" missed="0" covered="50"/><counter type="BRANCH" missed="0" covered="2"/><counter type="LINE" missed="0" covered="13"/><counter type="COMPLEXITY" missed="0" covered="5"/><counter type="METHOD" missed="0" covered="4"/><counter type="CLASS" missed="0" covered="1"/></sourcefile><counter type="INSTRUCTION" missed="0" covered="128"/><counter type="BRANCH" missed="0" covered="4"/><counter type="LINE" missed="0" covered="34"/><counter type="COMPLEXITY" missed="0" covered="12"/><counter type="METHOD" missed="0" covered="10"/><counter type="CLASS" missed="0" covered="2"/></package><package name="org/example/restaurant/data"><class name="org/example/restaurant/data/SampleDataLoader" sourcefilename="SampleDataLoader.java"><method name="&lt;init&gt;" desc="(Lorg/example/restaurant/repository/RestaurantRepository;)V" line="17"><counter type="INSTRUCTION" missed="0" covered="6"/><counter type="LINE" missed="0" covered="3"/><counter type="COMPLEXITY" missed="0" covered="1"/><counter type="METHOD" missed="0" covered="1"/></method><method name="loadSampleData" desc="()V" line="26"><counter type="INSTRUCTION" missed="0" covered="1006"/><counter type="LINE" missed="0" covered="134"/><counter type="COMPLEXITY" missed="0" covered="1"/><counter type="METHOD" missed="0" covered="1"/></method><method name="setBusinessHours" desc="(Lorg/example/restaurant/model/Restaurant;Ljava/time/LocalTime;Ljava/time/LocalTime;)V" line="194"><counter type="INSTRUCTION" missed="0" covered="29"/><counter type="BRANCH" missed="0" covered="2"/><counter type="LINE" missed="0" covered="5"/><counter type="COMPLEXITY" missed="0" covered="2"/><counter type="METHOD" missed="0" covered="1"/></method><method name="addReviews" desc="(Lorg/example/restaurant/model/Restaurant;[I)V" line="202"><counter type="INSTRUCTION" missed="0" covered="35"/><counter type="BRANCH" missed="0" covered="2"/><counter type="LINE" missed="0" covered="7"/><counter type="COMPLEXITY" missed="0" covered="2"/><counter type="METHOD" missed="0" covered="1"/></method><counter type="INSTRUCTION" missed="0" covered="1076"/><counter type="BRANCH" missed="0" covered="4"/><counter type="LINE" missed="0" covered="149"/><counter type="COMPLEXITY" missed="0" covered="6"/><counter type="METHOD" missed="0" covered="4"/><counter type="CLASS" missed="0" covered="1"/></class><sourcefile name="SampleDataLoader.java"><line nr="17" mi="0" ci="2" mb="0" cb="0"/><line nr="18" mi="0" ci="3" mb="0" cb="0"/><line nr="19" mi="0" ci="1" mb="0" cb="0"/><line nr="26" mi="0" ci="14" mb="0" cb="0"/><line nr="28" mi="0" ci="4" mb="0" cb="0"/><line nr="29" mi="0" ci="3" mb="0" cb="0"/><line nr="30" mi="0" ci="3" mb="0" cb="0"/><line nr="31" mi="0" ci="3" mb="0" cb="0"/><line nr="32" mi="0" ci="3" mb="0" cb="0"/><line nr="33" mi="0" ci="3" mb="0" cb="0"/><line nr="34" mi="0" ci="3" mb="0" cb="0"/><line nr="35" mi="0" ci="3" mb="0" cb="0"/><line nr="36" mi="0" ci="9" mb="0" cb="0"/><line nr="37" mi="0" ci="37" mb="0" cb="0"/><line nr="38" mi="0" ci="5" mb="0" cb="0"/><line nr="41" mi="0" ci="14" mb="0" cb="0"/><line nr="43" mi="0" ci="4" mb="0" cb="0"/><line nr="44" mi="0" ci="3" mb="0" cb="0"/><line nr="45" mi="0" ci="3" mb="0" cb="0"/><line nr="46" mi="0" ci="3" mb="0" cb="0"/><line nr="47" mi="0" ci="3" mb="0" cb="0"/><line nr="48" mi="0" ci="3" mb="0" cb="0"/><line nr="49" mi="0" ci="3" mb="0" cb="0"/><line nr="50" mi="0" ci="3" mb="0" cb="0"/><line nr="51" mi="0" ci="9" mb="0" cb="0"/><line nr="52" mi="0" ci="41" mb="0" cb="0"/><line nr="53" mi="0" ci="5" mb="0" cb="0"/><line nr="56" mi="0" ci="14" mb="0" cb="0"/><line nr="58" mi="0" ci="4" mb="0" cb="0"/><line nr="59" mi="0" ci="3" mb="0" cb="0"/><line nr="60" mi="0" ci="3" mb="0" cb="0"/><line nr="61" mi="0" ci="3" mb="0" cb="0"/><line nr="62" mi="0" ci="3" mb="0" cb="0"/><line nr="63" mi="0" ci="3" mb="0" cb="0"/><line nr="64" mi="0" ci="3" mb="0" cb="0"/><line nr="65" mi="0" ci="3" mb="0" cb="0"/><line nr="66" mi="0" ci="9" mb="0" cb="0"/><line nr="67" mi="0" ci="37" mb="0" cb="0"/><line nr="68" mi="0" ci="5" mb="0" cb="0"/><line nr="71" mi="0" ci="14" mb="0" cb="0"/><line nr="73" mi="0" ci="4" mb="0" cb="0"/><line nr="74" mi="0" ci="3" mb="0" cb="0"/><line nr="75" mi="0" ci="3" mb="0" cb="0"/><line nr="76" mi="0" ci="3" mb="0" cb="0"/><line nr="77" mi="0" ci="3" mb="0" cb="0"/><line nr="78" mi="0" ci="3" mb="0" cb="0"/><line nr="79" mi="0" ci="3" mb="0" cb="0"/><line nr="80" mi="0" ci="3" mb="0" cb="0"/><line nr="81" mi="0" ci="9" mb="0" cb="0"/><line nr="82" mi="0" ci="37" mb="0" cb="0"/><line nr="83" mi="0" ci="5" mb="0" cb="0"/><line nr="86" mi="0" ci="14" mb="0" cb="0"/><line nr="88" mi="0" ci="4" mb="0" cb="0"/><line nr="89" mi="0" ci="3" mb="0" cb="0"/><line nr="90" mi="0" ci="3" mb="0" cb="0"/><line nr="91" mi="0" ci="3" mb="0" cb="0"/><line nr="92" mi="0" ci="3" mb="0" cb="0"/><line nr="93" mi="0" ci="3" mb="0" cb="0"/><line nr="94" mi="0" ci="3" mb="0" cb="0"/><line nr="95" mi="0" ci="3" mb="0" cb="0"/><line nr="96" mi="0" ci="9" mb="0" cb="0"/><line nr="97" mi="0" ci="45" mb="0" cb="0"/><line nr="98" mi="0" ci="5" mb="0" cb="0"/><line nr="101" mi="0" ci="14" mb="0" cb="0"/><line nr="103" mi="0" ci="4" mb="0" cb="0"/><line nr="104" mi="0" ci="3" mb="0" cb="0"/><line nr="105" mi="0" ci="3" mb="0" cb="0"/><line nr="106" mi="0" ci="3" mb="0" cb="0"/><line nr="107" mi="0" ci="3" mb="0" cb="0"/><line nr="108" mi="0" ci="3" mb="0" cb="0"/><line nr="109" mi="0" ci="3" mb="0" cb="0"/><line nr="110" mi="0" ci="3" mb="0" cb="0"/><line nr="111" mi="0" ci="9" mb="0" cb="0"/><line nr="112" mi="0" ci="33" mb="0" cb="0"/><line nr="113" mi="0" ci="5" mb="0" cb="0"/><line nr="116" mi="0" ci="14" mb="0" cb="0"/><line nr="118" mi="0" ci="4" mb="0" cb="0"/><line nr="119" mi="0" ci="3" mb="0" cb="0"/><line nr="120" mi="0" ci="3" mb="0" cb="0"/><line nr="121" mi="0" ci="3" mb="0" cb="0"/><line nr="122" mi="0" ci="3" mb="0" cb="0"/><line nr="123" mi="0" ci="3" mb="0" cb="0"/><line nr="124" mi="0" ci="3" mb="0" cb="0"/><line nr="125" mi="0" ci="3" mb="0" cb="0"/><line nr="126" mi="0" ci="9" mb="0" cb="0"/><line nr="127" mi="0" ci="37" mb="0" cb="0"/><line nr="128" mi="0" ci="5" mb="0" cb="0"/><line nr="131" mi="0" ci="14" mb="0" cb="0"/><line nr="133" mi="0" ci="4" mb="0" cb="0"/><line nr="134" mi="0" ci="3" mb="0" cb="0"/><line nr="135" mi="0" ci="3" mb="0" cb="0"/><line nr="136" mi="0" ci="3" mb="0" cb="0"/><line nr="137" mi="0" ci="3" mb="0" cb="0"/><line nr="138" mi="0" ci="3" mb="0" cb="0"/><line nr="139" mi="0" ci="3" mb="0" cb="0"/><line nr="140" mi="0" ci="3" mb="0" cb="0"/><line nr="141" mi="0" ci="9" mb="0" cb="0"/><line nr="142" mi="0" ci="41" mb="0" cb="0"/><line nr="143" mi="0" ci="5" mb="0" cb="0"/><line nr="146" mi="0" ci="14" mb="0" cb="0"/><line nr="148" mi="0" ci="4" mb="0" cb="0"/><line nr="149" mi="0" ci="3" mb="0" cb="0"/><line nr="150" mi="0" ci="3" mb="0" cb="0"/><line nr="151" mi="0" ci="3" mb="0" cb="0"/><line nr="152" mi="0" ci="3" mb="0" cb="0"/><line nr="153" mi="0" ci="3" mb="0" cb="0"/><line nr="154" mi="0" ci="3" mb="0" cb="0"/><line nr="155" mi="0" ci="3" mb="0" cb="0"/><line nr="156" mi="0" ci="9" mb="0" cb="0"/><line nr="157" mi="0" ci="37" mb="0" cb="0"/><line nr="158" mi="0" ci="5" mb="0" cb="0"/><line nr="161" mi="0" ci="14" mb="0" cb="0"/><line nr="163" mi="0" ci="4" mb="0" cb="0"/><line nr="164" mi="0" ci="3" mb="0" cb="0"/><line nr="165" mi="0" ci="3" mb="0" cb="0"/><line nr="166" mi="0" ci="3" mb="0" cb="0"/><line nr="167" mi="0" ci="3" mb="0" cb="0"/><line nr="168" mi="0" ci="3" mb="0" cb="0"/><line nr="169" mi="0" ci="3" mb="0" cb="0"/><line nr="170" mi="0" ci="3" mb="0" cb="0"/><line nr="171" mi="0" ci="9" mb="0" cb="0"/><line nr="172" mi="0" ci="41" mb="0" cb="0"/><line nr="173" mi="0" ci="5" mb="0" cb="0"/><line nr="176" mi="0" ci="14" mb="0" cb="0"/><line nr="178" mi="0" ci="4" mb="0" cb="0"/><line nr="179" mi="0" ci="3" mb="0" cb="0"/><line nr="180" mi="0" ci="3" mb="0" cb="0"/><line nr="181" mi="0" ci="3" mb="0" cb="0"/><line nr="182" mi="0" ci="3" mb="0" cb="0"/><line nr="183" mi="0" ci="3" mb="0" cb="0"/><line nr="184" mi="0" ci="3" mb="0" cb="0"/><line nr="185" mi="0" ci="3" mb="0" cb="0"/><line nr="186" mi="0" ci="9" mb="0" cb="0"/><line nr="187" mi="0" ci="33" mb="0" cb="0"/><line nr="188" mi="0" ci="5" mb="0" cb="0"/><line nr="190" mi="0" ci="3" mb="0" cb="0"/><line nr="191" mi="0" ci="1" mb="0" cb="0"/><line nr="194" mi="0" ci="4" mb="0" cb="0"/><line nr="195" mi="0" ci="16" mb="0" cb="2"/><line nr="196" mi="0" ci="5" mb="0" cb="0"/><line nr="198" mi="0" ci="3" mb="0" cb="0"/><line nr="199" mi="0" ci="1" mb="0" cb="0"/><line nr="202" mi="0" ci="8" mb="0" cb="2"/><line nr="203" mi="0" ci="3" mb="0" cb="0"/><line nr="204" mi="0" ci="4" mb="0" cb="0"/><line nr="205" mi="0" ci="7" mb="0" cb="0"/><line nr="208" mi="0" ci="9" mb="0" cb="0"/><line nr="209" mi="0" ci="3" mb="0" cb="0"/><line nr="211" mi="0" ci="1" mb="0" cb="0"/><counter type="INSTRUCTION" missed="0" covered="1076"/><counter type="BRANCH" missed="0" covered="4"/><counter type="LINE" missed="0" covered="149"/><counter type="COMPLEXITY" missed="0" covered="6"/><counter type="METHOD" missed="0" covered="4"/><counter type="CLASS" missed="0" covered="1"/></sourcefile><counter type="INSTRUCTION" missed="0" covered="1076"/><counter type="BRANCH" missed="0" covered="4"/><counter type="LINE" missed="0" covered="149"/><counter type="COMPLEXITY" missed="0" covered="6"/><counter type="METHOD" missed="0" covered="4"/><counter type="CLASS" missed="0" covered="1"/></package><package name="org/example/restaurant"><class name="org/example/restaurant/Main" sourcefilename="Main.java"><method name="&lt;init&gt;" desc="()V" line="28"><counter type="INSTRUCTION" missed="0" covered="58"/><counter type="LINE" missed="0" covered="12"/><counter type="COMPLEXITY" missed="0" covered="1"/><counter type="METHOD" missed="0" covered="1"/></method><method name="main" desc="([Ljava/lang/String;)V" line="45"><counter type="INSTRUCTION" missed="7" covered="0"/><counter type="LINE" missed="3" covered="0"/><counter type="COMPLEXITY" missed="1" covered="0"/><counter type="METHOD" missed="1" covered="0"/></method><method name="run" desc="()V" line="50"><counter type="INSTRUCTION" missed="3" covered="71"/><counter type="BRANCH" missed="1" covered="13"/><counter type="LINE" missed="2" covered="32"/><counter type="COMPLEXITY" missed="1" covered="12"/><counter type="METHOD" missed="0" covered="1"/></method><method name="printMenu" desc="()V" line="102"><counter type="INSTRUCTION" missed="0" covered="46"/><counter type="LINE" missed="0" covered="15"/><counter type="COMPLEXITY" missed="0" covered="1"/><counter type="METHOD" missed="0" covered="1"/></method><method name="handleRecommendations" desc="()V" line="120"><counter type="INSTRUCTION" missed="0" covered="35"/><counter type="BRANCH" missed="0" covered="3"/><counter type="LINE" missed="0" covered="12"/><counter type="COMPLEXITY" missed="0" covered="3"/><counter type="METHOD" missed="0" covered="1"/></method><method name="showPreferenceRecommendations" desc="()V" line="139"><counter type="INSTRUCTION" missed="0" covered="47"/><counter type="BRANCH" missed="0" covered="4"/><counter type="LINE" missed="0" covered="12"/><counter type="COMPLEXITY" missed="0" covered="3"/><counter type="METHOD" missed="0" covered="1"/></method><method name="showSimilarRecommendations" desc="()V" line="159"><counter type="INSTRUCTION" missed="0" covered="88"/><counter type="BRANCH" missed="1" covered="9"/><counter type="LINE" missed="0" covered="23"/><counter type="COMPLEXITY" missed="1" covered="5"/><counter type="METHOD" missed="0" covered="1"/></method><method name="setUserPreferences" desc="()V" line="194"><counter type="INSTRUCTION" missed="2" covered="221"/><counter type="BRANCH" missed="5" covered="25"/><counter type="LINE" missed="2" covered="48"/><counter type="COMPLEXITY" missed="5" covered="11"/><counter type="METHOD" missed="0" covered="1"/></method><method name="addRestaurantReview" desc="()V" line="268"><counter type="INSTRUCTION" missed="0" covered="147"/><counter type="BRANCH" missed="2" covered="14"/><counter type="LINE" missed="0" covered="37"/><counter type="COMPLEXITY" missed="2" covered="7"/><counter type="METHOD" missed="0" covered="1"/></method><method name="checkNextOpeningTime" desc="()V" line="335"><counter type="INSTRUCTION" missed="0" covered="129"/><counter type="BRANCH" missed="2" covered="16"/><counter type="LINE" missed="0" covered="34"/><counter type="COMPLEXITY" missed="2" covered="8"/><counter type="METHOD" missed="0" covered="1"/></method><method name="advancedSearch" desc="()V" line="384"><counter type="INSTRUCTION" missed="0" covered="207"/><counter type="BRANCH" missed="3" covered="29"/><counter type="LINE" missed="0" covered="52"/><counter type="COMPLEXITY" missed="3" covered="14"/><counter type="METHOD" missed="0" covered="1"/></method><method name="searchByKeyword" desc="()V" line="468"><counter type="INSTRUCTION" missed="0" covered="38"/><counter type="BRANCH" missed="0" covered="4"/><counter type="LINE" missed="0" covered="11"/><counter type="COMPLEXITY" missed="0" covered="3"/><counter type="METHOD" missed="0" covered="1"/></method><method name="showPopularRestaurants" desc="()V" line="487"><counter type="INSTRUCTION" missed="17" covered="0"/><counter type="LINE" missed="5" covered="0"/><counter type="COMPLEXITY" missed="1" covered="0"/><counter type="METHOD" missed="1" covered="0"/></method><method name="searchByPriceLevel" desc="()V" line="495"><counter type="INSTRUCTION" missed="0" covered="88"/><counter type="BRANCH" missed="1" covered="9"/><counter type="LINE" missed="0" covered="25"/><counter type="COMPLEXITY" missed="1" covered="5"/><counter type="METHOD" missed="0" covered="1"/></method><method name="showAllRestaurants" desc="()V" line="531"><counter type="INSTRUCTION" missed="0" covered="13"/><counter type="LINE" missed="0" covered="4"/><counter type="COMPLEXITY" missed="0" covered="1"/><counter type="METHOD" missed="0" covered="1"/></method><method name="showOpenNow" desc="()V" line="537"><counter type="INSTRUCTION" missed="0" covered="25"/><counter type="BRANCH" missed="0" covered="2"/><counter type="LINE" missed="0" covered="7"/><counter type="COMPLEXITY" missed="0" covered="2"/><counter type="METHOD" missed="0" covered="1"/></method><method name="printRestaurantList" desc="(Ljava/util/List;)V" line="549"><counter type="INSTRUCTION" missed="0" covered="108"/><counter type="BRANCH" missed="1" covered="11"/><counter type="LINE" missed="0" covered="21"/><counter type="COMPLEXITY" missed="1" covered="6"/><counter type="METHOD" missed="0" covered="1"/></method><method name="getStars" desc="(D)Ljava/lang/String;" line="576"><counter type="INSTRUCTION" missed="0" covered="47"/><counter type="BRANCH" missed="0" covered="8"/><counter type="LINE" missed="0" covered="10"/><counter type="COMPLEXITY" missed="0" covered="5"/><counter type="METHOD" missed="0" covered="1"/></method><counter type="INSTRUCTION" missed="29" covered="1368"/><counter type="BRANCH" missed="16" covered="147"/><counter type="LINE" missed="12" covered="355"/><counter type="COMPLEXITY" missed="18" covered="87"/><counter type="METHOD" missed="2" covered="16"/><counter type="CLASS" missed="0" covered="1"/></class><sourcefile name="Main.java"><line nr="28" mi="0" ci="2" mb="0" cb="0"/><line nr="30" mi="0" ci="5" mb="0" cb="0"/><line nr="31" mi="0" ci="5" mb="0" cb="0"/><line nr="32" mi="0" ci="5" mb="0" cb="0"/><line nr="33" mi="0" ci="7" mb="0" cb="0"/><line nr="34" mi="0" ci="5" mb="0" cb="0"/><line nr="35" mi="0" ci="9" mb="0" cb="0"/><line nr="36" mi="0" ci="6" mb="0" cb="0"/><line nr="37" mi="0" ci="5" mb="0" cb="0"/><line nr="40" mi="0" ci="6" mb="0" cb="0"/><line nr="41" mi="0" ci="2" mb="0" cb="0"/><line nr="42" mi="0" ci="1" mb="0" cb="0"/><line nr="45" mi="4" ci="0" mb="0" cb="0"/><line nr="46" mi="2" ci="0" mb="0" cb="0"/><line nr="47" mi="1" ci="0" mb="0" cb="0"/><line nr="50" mi="0" ci="6" mb="0" cb="0"/><line nr="51" mi="0" ci="3" mb="0" cb="0"/><line nr="52" mi="0" ci="5" mb="0" cb="0"/><line nr="54" mi="0" ci="2" mb="0" cb="0"/><line nr="55" mi="0" ci="2" mb="0" cb="2"/><line nr="56" mi="0" ci="2" mb="0" cb="0"/><line nr="57" mi="0" ci="5" mb="0" cb="0"/><line nr="59" mi="0" ci="8" mb="1" cb="11"/><line nr="61" mi="0" ci="2" mb="0" cb="0"/><line nr="62" mi="0" ci="1" mb="0" cb="0"/><line nr="64" mi="2" ci="0" mb="0" cb="0"/><line nr="65" mi="1" ci="0" mb="0" cb="0"/><line nr="67" mi="0" ci="2" mb="0" cb="0"/><line nr="68" mi="0" ci="1" mb="0" cb="0"/><line nr="70" mi="0" ci="2" mb="0" cb="0"/><line nr="71" mi="0" ci="1" mb="0" cb="0"/><line nr="73" mi="0" ci="2" mb="0" cb="0"/><line nr="74" mi="0" ci="1" mb="0" cb="0"/><line nr="76" mi="0" ci="2" mb="0" cb="0"/><line nr="77" mi="0" ci="1" mb="0" cb="0"/><line nr="79" mi="0" ci="2" mb="0" cb="0"/><line nr="80" mi="0" ci="1" mb="0" cb="0"/><line nr="82" mi="0" ci="2" mb="0" cb="0"/><line nr="83" mi="0" ci="1" mb="0" cb="0"/><line nr="85" mi="0" ci="2" mb="0" cb="0"/><line nr="86" mi="0" ci="1" mb="0" cb="0"/><line nr="89" mi="0" ci="2" mb="0" cb="0"/><line nr="90" mi="0" ci="1" mb="0" cb="0"/><line nr="92" mi="0" ci="2" mb="0" cb="0"/><line nr="93" mi="0" ci="3" mb="0" cb="0"/><line nr="94" mi="0" ci="1" mb="0" cb="0"/><line nr="96" mi="0" ci="3" mb="0" cb="0"/><line nr="98" mi="0" ci="1" mb="0" cb="0"/><line nr="99" mi="0" ci="1" mb="0" cb="0"/><line nr="102" mi="0" ci="6" mb="0" cb="0"/><line nr="103" mi="0" ci="3" mb="0" cb="0"/><line nr="104" mi="0" ci="3" mb="0" cb="0"/><line nr="105" mi="0" ci="3" mb="0" cb="0"/><line nr="106" mi="0" ci="3" mb="0" cb="0"/><line nr="107" mi="0" ci="3" mb="0" cb="0"/><line nr="108" mi="0" ci="3" mb="0" cb="0"/><line nr="109" mi="0" ci="3" mb="0" cb="0"/><line nr="110" mi="0" ci="3" mb="0" cb="0"/><line nr="111" mi="0" ci="3" mb="0" cb="0"/><line nr="112" mi="0" ci="3" mb="0" cb="0"/><line nr="113" mi="0" ci="3" mb="0" cb="0"/><line nr="114" mi="0" ci="3" mb="0" cb="0"/><line nr="115" mi="0" ci="3" mb="0" cb="0"/><line nr="116" mi="0" ci="1" mb="0" cb="0"/><line nr="120" mi="0" ci="3" mb="0" cb="0"/><line nr="121" mi="0" ci="3" mb="0" cb="0"/><line nr="122" mi="0" ci="3" mb="0" cb="0"/><line nr="123" mi="0" ci="3" mb="0" cb="0"/><line nr="125" mi="0" ci="5" mb="0" cb="0"/><line nr="126" mi="0" ci="8" mb="0" cb="3"/><line nr="128" mi="0" ci="2" mb="0" cb="0"/><line nr="129" mi="0" ci="1" mb="0" cb="0"/><line nr="131" mi="0" ci="2" mb="0" cb="0"/><line nr="132" mi="0" ci="1" mb="0" cb="0"/><line nr="134" mi="0" ci="3" mb="0" cb="0"/><line nr="136" mi="0" ci="1" mb="0" cb="0"/><line nr="139" mi="0" ci="4" mb="0" cb="0"/><line nr="140" mi="0" ci="7" mb="0" cb="0"/><line nr="143" mi="0" ci="3" mb="0" cb="2"/><line nr="144" mi="0" ci="3" mb="0" cb="0"/><line nr="145" mi="0" ci="1" mb="0" cb="0"/><line nr="148" mi="0" ci="5" mb="0" cb="0"/><line nr="150" mi="0" ci="7" mb="0" cb="0"/><line nr="151" mi="0" ci="5" mb="0" cb="2"/><line nr="152" mi="0" ci="6" mb="0" cb="0"/><line nr="153" mi="0" ci="2" mb="0" cb="0"/><line nr="155" mi="0" ci="3" mb="0" cb="0"/><line nr="156" mi="0" ci="1" mb="0" cb="0"/><line nr="159" mi="0" ci="4" mb="0" cb="0"/><line nr="161" mi="0" ci="3" mb="0" cb="2"/><line nr="162" mi="0" ci="3" mb="0" cb="0"/><line nr="163" mi="0" ci="1" mb="0" cb="0"/><line nr="166" mi="0" ci="3" mb="0" cb="0"/><line nr="167" mi="0" ci="8" mb="0" cb="2"/><line nr="168" mi="0" ci="5" mb="0" cb="0"/><line nr="169" mi="0" ci="8" mb="0" cb="0"/><line nr="172" mi="0" ci="3" mb="0" cb="0"/><line nr="174" mi="0" ci="8" mb="0" cb="0"/><line nr="175" mi="0" ci="6" mb="1" cb="3"/><line nr="176" mi="0" ci="5" mb="0" cb="0"/><line nr="177" mi="0" ci="6" mb="0" cb="0"/><line nr="179" mi="0" ci="5" mb="0" cb="0"/><line nr="180" mi="0" ci="3" mb="0" cb="2"/><line nr="181" mi="0" ci="4" mb="0" cb="0"/><line nr="183" mi="0" ci="3" mb="0" cb="0"/><line nr="185" mi="0" ci="1" mb="0" cb="0"/><line nr="186" mi="0" ci="3" mb="0" cb="0"/><line nr="188" mi="0" ci="1" mb="0" cb="0"/><line nr="189" mi="0" ci="3" mb="0" cb="0"/><line nr="190" mi="0" ci="1" mb="0" cb="0"/><line nr="191" mi="0" ci="1" mb="0" cb="0"/><line nr="194" mi="0" ci="3" mb="0" cb="0"/><line nr="197" mi="0" ci="3" mb="0" cb="0"/><line nr="198" mi="0" ci="2" mb="0" cb="0"/><line nr="199" mi="0" ci="2" mb="0" cb="0"/><line nr="200" mi="0" ci="16" mb="0" cb="2"/><line nr="201" mi="0" ci="3" mb="0" cb="2"/><line nr="202" mi="0" ci="6" mb="0" cb="0"/><line nr="203" mi="0" ci="1" mb="0" cb="0"/><line nr="206" mi="0" ci="3" mb="0" cb="0"/><line nr="207" mi="0" ci="5" mb="0" cb="0"/><line nr="208" mi="0" ci="3" mb="0" cb="2"/><line nr="209" mi="0" ci="4" mb="0" cb="0"/><line nr="210" mi="0" ci="4" mb="0" cb="0"/><line nr="211" mi="0" ci="16" mb="0" cb="2"/><line nr="213" mi="0" ci="5" mb="0" cb="0"/><line nr="214" mi="0" ci="8" mb="1" cb="3"/><line nr="215" mi="0" ci="6" mb="0" cb="0"/><line nr="217" mi="0" ci="1" mb="0" cb="0"/><line nr="218" mi="0" ci="1" mb="0" cb="0"/><line nr="220" mi="0" ci="3" mb="0" cb="2"/><line nr="221" mi="0" ci="4" mb="0" cb="0"/><line nr="222" mi="0" ci="5" mb="0" cb="0"/><line nr="227" mi="0" ci="3" mb="0" cb="0"/><line nr="228" mi="0" ci="3" mb="0" cb="0"/><line nr="229" mi="0" ci="5" mb="0" cb="0"/><line nr="230" mi="0" ci="3" mb="0" cb="2"/><line nr="231" mi="0" ci="4" mb="0" cb="0"/><line nr="232" mi="0" ci="4" mb="0" cb="0"/><line nr="233" mi="0" ci="16" mb="0" cb="2"/><line nr="235" mi="0" ci="5" mb="0" cb="0"/><line nr="236" mi="0" ci="8" mb="2" cb="2"/><line nr="237" mi="0" ci="6" mb="0" cb="0"/><line nr="239" mi="1" ci="0" mb="0" cb="0"/><line nr="240" mi="0" ci="1" mb="0" cb="0"/><line nr="242" mi="0" ci="3" mb="1" cb="1"/><line nr="243" mi="0" ci="4" mb="0" cb="0"/><line nr="244" mi="0" ci="5" mb="0" cb="0"/><line nr="249" mi="0" ci="3" mb="0" cb="0"/><line nr="250" mi="0" ci="5" mb="0" cb="0"/><line nr="251" mi="0" ci="3" mb="0" cb="2"/><line nr="253" mi="0" ci="3" mb="0" cb="0"/><line nr="254" mi="0" ci="6" mb="1" cb="3"/><line nr="255" mi="0" ci="4" mb="0" cb="0"/><line nr="256" mi="0" ci="4" mb="0" cb="0"/><line nr="258" mi="1" ci="0" mb="0" cb="0"/><line nr="259" mi="0" ci="1" mb="0" cb="0"/><line nr="262" mi="0" ci="3" mb="0" cb="0"/><line nr="263" mi="0" ci="7" mb="0" cb="0"/><line nr="264" mi="0" ci="7" mb="0" cb="0"/><line nr="265" mi="0" ci="1" mb="0" cb="0"/><line nr="268" mi="0" ci="3" mb="0" cb="0"/><line nr="271" mi="0" ci="4" mb="0" cb="0"/><line nr="274" mi="0" ci="3" mb="0" cb="0"/><line nr="276" mi="0" ci="8" mb="0" cb="2"/><line nr="277" mi="0" ci="11" mb="0" cb="0"/><line nr="279" mi="0" ci="3" mb="0" cb="0"/><line nr="282" mi="0" ci="5" mb="0" cb="0"/><line nr="283" mi="0" ci="7" mb="0" cb="4"/><line nr="284" mi="0" ci="1" mb="0" cb="0"/><line nr="286" mi="0" ci="5" mb="0" cb="0"/><line nr="287" mi="0" ci="6" mb="1" cb="3"/><line nr="288" mi="0" ci="3" mb="0" cb="0"/><line nr="289" mi="0" ci="1" mb="0" cb="0"/><line nr="292" mi="0" ci="5" mb="0" cb="0"/><line nr="293" mi="0" ci="5" mb="0" cb="0"/><line nr="296" mi="0" ci="3" mb="0" cb="0"/><line nr="297" mi="0" ci="6" mb="0" cb="0"/><line nr="298" mi="0" ci="6" mb="1" cb="3"/><line nr="299" mi="0" ci="3" mb="0" cb="0"/><line nr="300" mi="0" ci="1" mb="0" cb="0"/><line nr="304" mi="0" ci="3" mb="0" cb="0"/><line nr="305" mi="0" ci="5" mb="0" cb="0"/><line nr="308" mi="0" ci="3" mb="0" cb="0"/><line nr="309" mi="0" ci="5" mb="0" cb="0"/><line nr="310" mi="0" ci="3" mb="0" cb="2"/><line nr="311" mi="0" ci="2" mb="0" cb="0"/><line nr="314" mi="0" ci="2" mb="0" cb="0"/><line nr="315" mi="0" ci="3" mb="0" cb="0"/><line nr="316" mi="0" ci="5" mb="0" cb="0"/><line nr="319" mi="0" ci="3" mb="0" cb="0"/><line nr="321" mi="0" ci="3" mb="0" cb="0"/><line nr="326" mi="0" ci="10" mb="0" cb="0"/><line nr="327" mi="0" ci="5" mb="0" cb="0"/><line nr="329" mi="0" ci="1" mb="0" cb="0"/><line nr="330" mi="0" ci="3" mb="0" cb="0"/><line nr="331" mi="0" ci="1" mb="0" cb="0"/><line nr="332" mi="0" ci="1" mb="0" cb="0"/><line nr="335" mi="0" ci="3" mb="0" cb="0"/><line nr="336" mi="0" ci="4" mb="0" cb="0"/><line nr="338" mi="0" ci="3" mb="0" cb="0"/><line nr="339" mi="0" ci="8" mb="0" cb="2"/><line nr="340" mi="0" ci="11" mb="0" cb="0"/><line nr="342" mi="0" ci="3" mb="0" cb="0"/><line nr="345" mi="0" ci="5" mb="0" cb="0"/><line nr="346" mi="0" ci="7" mb="1" cb="3"/><line nr="347" mi="0" ci="1" mb="0" cb="0"/><line nr="349" mi="0" ci="5" mb="0" cb="0"/><line nr="350" mi="0" ci="6" mb="1" cb="3"/><line nr="351" mi="0" ci="3" mb="0" cb="0"/><line nr="352" mi="0" ci="1" mb="0" cb="0"/><line nr="355" mi="0" ci="5" mb="0" cb="0"/><line nr="356" mi="0" ci="5" mb="0" cb="0"/><line nr="358" mi="0" ci="5" mb="0" cb="0"/><line nr="359" mi="0" ci="2" mb="0" cb="2"/><line nr="360" mi="0" ci="3" mb="0" cb="0"/><line nr="361" mi="0" ci="6" mb="0" cb="2"/><line nr="362" mi="0" ci="3" mb="0" cb="0"/><line nr="364" mi="0" ci="5" mb="0" cb="0"/><line nr="365" mi="0" ci="2" mb="0" cb="2"/><line nr="366" mi="0" ci="5" mb="0" cb="0"/><line nr="368" mi="0" ci="1" mb="0" cb="0"/><line nr="369" mi="0" ci="3" mb="0" cb="0"/><line nr="370" mi="0" ci="5" mb="0" cb="0"/><line nr="371" mi="0" ci="2" mb="0" cb="2"/><line nr="372" mi="0" ci="5" mb="0" cb="0"/><line nr="373" mi="0" ci="3" mb="0" cb="0"/><line nr="375" mi="0" ci="3" mb="0" cb="0"/><line nr="378" mi="0" ci="1" mb="0" cb="0"/><line nr="379" mi="0" ci="3" mb="0" cb="0"/><line nr="380" mi="0" ci="1" mb="0" cb="0"/><line nr="381" mi="0" ci="1" mb="0" cb="0"/><line nr="384" mi="0" ci="3" mb="0" cb="0"/><line nr="385" mi="0" ci="4" mb="0" cb="0"/><line nr="388" mi="0" ci="3" mb="0" cb="0"/><line nr="389" mi="0" ci="5" mb="0" cb="0"/><line nr="390" mi="0" ci="3" mb="0" cb="2"/><line nr="391" mi="0" ci="3" mb="0" cb="0"/><line nr="395" mi="0" ci="3" mb="0" cb="0"/><line nr="396" mi="0" ci="2" mb="0" cb="0"/><line nr="397" mi="0" ci="2" mb="0" cb="0"/><line nr="398" mi="0" ci="16" mb="0" cb="2"/><line nr="399" mi="0" ci="3" mb="0" cb="2"/><line nr="400" mi="0" ci="6" mb="0" cb="0"/><line nr="401" mi="0" ci="1" mb="0" cb="0"/><line nr="404" mi="0" ci="3" mb="0" cb="0"/><line nr="405" mi="0" ci="5" mb="0" cb="0"/><line nr="406" mi="0" ci="3" mb="0" cb="2"/><line nr="407" mi="0" ci="4" mb="0" cb="0"/><line nr="408" mi="0" ci="4" mb="0" cb="0"/><line nr="409" mi="0" ci="16" mb="0" cb="2"/><line nr="411" mi="0" ci="5" mb="0" cb="0"/><line nr="412" mi="0" ci="8" mb="1" cb="3"/><line nr="413" mi="0" ci="6" mb="0" cb="0"/><line nr="415" mi="0" ci="1" mb="0" cb="0"/><line nr="416" mi="0" ci="1" mb="0" cb="0"/><line nr="418" mi="0" ci="3" mb="0" cb="2"/><line nr="419" mi="0" ci="3" mb="0" cb="0"/><line nr="424" mi="0" ci="3" mb="0" cb="0"/><line nr="425" mi="0" ci="5" mb="0" cb="0"/><line nr="426" mi="0" ci="3" mb="0" cb="2"/><line nr="428" mi="0" ci="3" mb="0" cb="0"/><line nr="429" mi="0" ci="6" mb="1" cb="3"/><line nr="430" mi="0" ci="4" mb="0" cb="0"/><line nr="432" mi="0" ci="1" mb="0" cb="0"/><line nr="433" mi="0" ci="1" mb="0" cb="0"/><line nr="437" mi="0" ci="3" mb="0" cb="0"/><line nr="438" mi="0" ci="5" mb="0" cb="0"/><line nr="439" mi="0" ci="3" mb="0" cb="2"/><line nr="441" mi="0" ci="3" mb="0" cb="0"/><line nr="442" mi="0" ci="8" mb="1" cb="3"/><line nr="443" mi="0" ci="4" mb="0" cb="0"/><line nr="445" mi="0" ci="1" mb="0" cb="0"/><line nr="446" mi="0" ci="1" mb="0" cb="0"/><line nr="450" mi="0" ci="3" mb="0" cb="0"/><line nr="451" mi="0" ci="5" mb="0" cb="0"/><line nr="452" mi="0" ci="4" mb="0" cb="2"/><line nr="453" mi="0" ci="4" mb="0" cb="0"/><line nr="457" mi="0" ci="5" mb="0" cb="0"/><line nr="459" mi="0" ci="5" mb="0" cb="0"/><line nr="460" mi="0" ci="3" mb="0" cb="2"/><line nr="461" mi="0" ci="4" mb="0" cb="0"/><line nr="463" mi="0" ci="3" mb="0" cb="0"/><line nr="465" mi="0" ci="1" mb="0" cb="0"/><line nr="468" mi="0" ci="3" mb="0" cb="0"/><line nr="469" mi="0" ci="5" mb="0" cb="0"/><line nr="471" mi="0" ci="3" mb="0" cb="2"/><line nr="472" mi="0" ci="3" mb="0" cb="0"/><line nr="473" mi="0" ci="1" mb="0" cb="0"/><line nr="476" mi="0" ci="5" mb="0" cb="0"/><line nr="478" mi="0" ci="3" mb="0" cb="2"/><line nr="479" mi="0" ci="5" mb="0" cb="0"/><line nr="481" mi="0" ci="6" mb="0" cb="0"/><line nr="482" mi="0" ci="3" mb="0" cb="0"/><line nr="484" mi="0" ci="1" mb="0" cb="0"/><line nr="487" mi="4" ci="0" mb="0" cb="0"/><line nr="488" mi="6" ci="0" mb="0" cb="0"/><line nr="490" mi="3" ci="0" mb="0" cb="0"/><line nr="491" mi="3" ci="0" mb="0" cb="0"/><line nr="492" mi="1" ci="0" mb="0" cb="0"/><line nr="495" mi="0" ci="3" mb="0" cb="0"/><line nr="496" mi="0" ci="3" mb="0" cb="0"/><line nr="497" mi="0" ci="3" mb="0" cb="0"/><line nr="498" mi="0" ci="3" mb="0" cb="0"/><line nr="499" mi="0" ci="3" mb="0" cb="0"/><line nr="500" mi="0" ci="3" mb="0" cb="0"/><line nr="503" mi="0" ci="6" mb="0" cb="0"/><line nr="504" mi="0" ci="6" mb="1" cb="3"/><line nr="505" mi="0" ci="3" mb="0" cb="0"/><line nr="506" mi="0" ci="1" mb="0" cb="0"/><line nr="510" mi="0" ci="4" mb="0" cb="0"/><line nr="511" mi="0" ci="4" mb="0" cb="0"/><line nr="512" mi="0" ci="10" mb="0" cb="2"/><line nr="513" mi="0" ci="4" mb="0" cb="2"/><line nr="514" mi="0" ci="4" mb="0" cb="0"/><line nr="516" mi="0" ci="1" mb="0" cb="0"/><line nr="517" mi="0" ci="4" mb="0" cb="0"/><line nr="519" mi="0" ci="3" mb="0" cb="2"/><line nr="520" mi="0" ci="5" mb="0" cb="0"/><line nr="522" mi="0" ci="6" mb="0" cb="0"/><line nr="523" mi="0" ci="3" mb="0" cb="0"/><line nr="525" mi="0" ci="1" mb="0" cb="0"/><line nr="526" mi="0" ci="3" mb="0" cb="0"/><line nr="527" mi="0" ci="1" mb="0" cb="0"/><line nr="528" mi="0" ci="1" mb="0" cb="0"/><line nr="531" mi="0" ci="4" mb="0" cb="0"/><line nr="532" mi="0" ci="5" mb="0" cb="0"/><line nr="533" mi="0" ci="3" mb="0" cb="0"/><line nr="534" mi="0" ci="1" mb="0" cb="0"/><line nr="537" mi="0" ci="4" mb="0" cb="0"/><line nr="538" mi="0" ci="5" mb="0" cb="0"/><line nr="540" mi="0" ci="5" mb="0" cb="0"/><line nr="541" mi="0" ci="3" mb="0" cb="2"/><line nr="542" mi="0" ci="4" mb="0" cb="0"/><line nr="544" mi="0" ci="3" mb="0" cb="0"/><line nr="546" mi="0" ci="1" mb="0" cb="0"/><line nr="549" mi="0" ci="5" mb="0" cb="0"/><line nr="550" mi="0" ci="10" mb="0" cb="2"/><line nr="551" mi="0" ci="5" mb="0" cb="0"/><line nr="552" mi="0" ci="4" mb="0" cb="0"/><line nr="553" mi="0" ci="7" mb="0" cb="0"/><line nr="555" mi="0" ci="5" mb="0" cb="0"/><line nr="556" mi="0" ci="1" mb="0" cb="0"/><line nr="557" mi="0" ci="10" mb="0" cb="2"/><line nr="558" mi="0" ci="13" mb="0" cb="0"/><line nr="559" mi="0" ci="6" mb="0" cb="0"/><line nr="560" mi="0" ci="3" mb="0" cb="2"/><line nr="561" mi="0" ci="6" mb="0" cb="0"/><line nr="563" mi="0" ci="7" mb="1" cb="3"/><line nr="564" mi="0" ci="3" mb="0" cb="0"/><line nr="565" mi="0" ci="4" mb="0" cb="2"/><line nr="566" mi="0" ci="6" mb="0" cb="0"/><line nr="568" mi="0" ci="4" mb="0" cb="0"/><line nr="570" mi="0" ci="2" mb="0" cb="0"/><line nr="571" mi="0" ci="1" mb="0" cb="0"/><line nr="572" mi="0" ci="5" mb="0" cb="0"/><line nr="573" mi="0" ci="1" mb="0" cb="0"/><line nr="576" mi="0" ci="3" mb="0" cb="0"/><line nr="577" mi="0" ci="11" mb="0" cb="2"/><line nr="578" mi="0" ci="4" mb="0" cb="0"/><line nr="579" mi="0" ci="7" mb="0" cb="2"/><line nr="580" mi="0" ci="4" mb="0" cb="0"/><line nr="582" mi="0" ci="2" mb="0" cb="2"/><line nr="583" mi="0" ci="4" mb="0" cb="0"/><line nr="585" mi="0" ci="4" mb="0" cb="2"/><line nr="586" mi="0" ci="5" mb="0" cb="0"/><line nr="588" mi="0" ci="3" mb="0" cb="0"/><counter type="INSTRUCTION" missed="29" covered="1368"/><counter type="BRANCH" missed="16" covered="147"/><counter type="LINE" missed="12" covered="355"/><counter type="COMPLEXITY" missed="18" covered="87"/><counter type="METHOD" missed="2" covered="16"/><counter type="CLASS" missed="0" covered="1"/></sourcefile><counter type="INSTRUCTION" missed="29" covered="1368"/><counter type="BRANCH" missed="16" covered="147"/><counter type="LINE" missed="12" covered="355"/><counter type="COMPLEXITY" missed="18" covered="87"/><counter type="METHOD" missed="2" covered="16"/><counter type="CLASS" missed="0" covered="1"/></package><package name="org/example/restaurant/service"><class name="org/example/restaurant/service/RecommendationService" sourcefilename="RecommendationService.java"><method name="&lt;init&gt;" desc="()V" line="17"><counter type="INSTRUCTION" missed="0" covered="13"/><counter type="LINE" missed="0" covered="4"/><counter type="COMPLEXITY" missed="0" covered="1"/><counter type="METHOD" missed="0" covered="1"/></method><method name="&lt;init&gt;" desc="(Lorg/example/restaurant/service/RatingService;Lorg/example/restaurant/service/PriceAnalyzer;)V" line="22"><counter type="INSTRUCTION" missed="0" covered="9"/><counter type="LINE" missed="0" covered="4"/><counter type="COMPLEXITY" missed="0" covered="1"/><counter type="METHOD" missed="0" covered="1"/></method><method name="recommendByPreferences" desc="(Lorg/example/restaurant/model/UserPreferences;Ljava/util/List;)Ljava/util/List;" line="33"><counter type="INSTRUCTION" missed="0" covered="65"/><counter type="BRANCH" missed="2" covered="12"/><counter type="LINE" missed="0" covered="16"/><counter type="COMPLEXITY" missed="2" covered="6"/><counter type="METHOD" missed="0" covered="1"/></method><method name="calculateMatchScore" desc="(Lorg/example/restaurant/model/Restaurant;Lorg/example/restaurant/model/UserPreferences;)D" line="68"><counter type="INSTRUCTION" missed="0" covered="171"/><counter type="BRANCH" missed="5" covered="33"/><counter type="LINE" missed="0" covered="37"/><counter type="COMPLEXITY" missed="5" covered="15"/><counter type="METHOD" missed="0" covered="1"/></method><method name="recommendSimilar" desc="(Lorg/example/restaurant/model/Restaurant;Ljava/util/List;)Ljava/util/List;" line="143"><counter type="INSTRUCTION" missed="0" covered="72"/><counter type="BRANCH" missed="1" covered="17"/><counter type="LINE" missed="0" covered="17"/><counter type="COMPLEXITY" missed="1" covered="9"/><counter type="METHOD" missed="0" covered="1"/></method><method name="calculateSimilarity" desc="(Lorg/example/restaurant/model/Restaurant;Lorg/example/restaurant/model/Restaurant;)D" line="176"><counter type="INSTRUCTION" missed="1" covered="170"/><counter type="BRANCH" missed="5" covered="27"/><counter type="LINE" missed="0" covered="36"/><counter type="COMPLEXITY" missed="5" covered="12"/><counter type="METHOD" missed="0" covered="1"/></method><method name="getPopularRestaurants" desc="(Ljava/util/List;I)Ljava/util/List;" line="236"><counter type="INSTRUCTION" missed="0" covered="29"/><counter type="BRANCH" missed="0" covered="6"/><counter type="LINE" missed="0" covered="10"/><counter type="COMPLEXITY" missed="0" covered="4"/><counter type="METHOD" missed="0" covered="1"/></method><method name="calculatePopularityScore" desc="(Lorg/example/restaurant/model/Restaurant;)D" line="262"><counter type="INSTRUCTION" missed="2" covered="43"/><counter type="BRANCH" missed="1" covered="1"/><counter type="LINE" missed="1" covered="8"/><counter type="COMPLEXITY" missed="1" covered="1"/><counter type="METHOD" missed="0" covered="1"/></method><method name="findNearby" desc="(Lorg/example/restaurant/model/Location;Ljava/util/List;D)Ljava/util/List;" line="289"><counter type="INSTRUCTION" missed="1" covered="73"/><counter type="BRANCH" missed="2" covered="16"/><counter type="LINE" missed="1" covered="18"/><counter type="COMPLEXITY" missed="2" covered="8"/><counter type="METHOD" missed="0" covered="1"/></method><method name="calculateDistance" desc="(Lorg/example/restaurant/model/Location;Lorg/example/restaurant/model/Location;)D" line="327"><counter type="INSTRUCTION" missed="0" covered="68"/><counter type="BRANCH" missed="0" covered="4"/><counter type="LINE" missed="0" covered="11"/><counter type="COMPLEXITY" missed="0" covered="3"/><counter type="METHOD" missed="0" covered="1"/></method><method name="sortByDistance" desc="(Lorg/example/restaurant/model/Location;Ljava/util/List;)Ljava/util/List;" line="351"><counter type="INSTRUCTION" missed="0" covered="54"/><counter type="BRANCH" missed="1" covered="9"/><counter type="LINE" missed="0" covered="12"/><counter type="COMPLEXITY" missed="1" covered="5"/><counter type="METHOD" missed="0" covered="1"/></method><method name="getTopPicks" desc="(Ljava/util/List;Lorg/example/restaurant/model/Location;I)Ljava/util/List;" line="378"><counter type="INSTRUCTION" missed="5" covered="114"/><counter type="BRANCH" missed="4" covered="18"/><counter type="LINE" missed="2" covered="25"/><counter type="COMPLEXITY" missed="4" covered="8"/><counter type="METHOD" missed="0" covered="1"/></method><method name="lambda$getTopPicks$1" desc="(Lorg/example/restaurant/service/RecommendationService$ScoredRestaurant;)Lorg/example/restaurant/model/Restaurant;" line="421"><counter type="INSTRUCTION" missed="0" covered="3"/><counter type="LINE" missed="0" covered="1"/><counter type="COMPLEXITY" missed="0" covered="1"/><counter type="METHOD" missed="0" covered="1"/></method><method name="lambda$getTopPicks$0" desc="(Lorg/example/restaurant/service/RecommendationService$ScoredRestaurant;Lorg/example/restaurant/service/RecommendationService$ScoredRestaurant;)I" line="417"><counter type="INSTRUCTION" missed="0" covered="6"/><counter type="LINE" missed="0" covered="1"/><counter type="COMPLEXITY" missed="0" covered="1"/><counter type="METHOD" missed="0" covered="1"/></method><method name="lambda$sortByDistance$1" desc="(Lorg/example/restaurant/service/RecommendationService$DistancedRestaurant;)Lorg/example/restaurant/model/Restaurant;" line="367"><counter type="INSTRUCTION" missed="0" covered="3"/><counter type="LINE" missed="0" covered="1"/><counter type="COMPLEXITY" missed="0" covered="1"/><counter type="METHOD" missed="0" covered="1"/></method><method name="lambda$sortByDistance$0" desc="(Lorg/example/restaurant/service/RecommendationService$DistancedRestaurant;)D" line="364"><counter type="INSTRUCTION" missed="0" covered="3"/><counter type="LINE" missed="0" covered="1"/><counter type="COMPLEXITY" missed="0" covered="1"/><counter type="METHOD" missed="0" covered="1"/></method><method name="lambda$findNearby$1" desc="(Lorg/example/restaurant/service/RecommendationService$DistancedRestaurant;)Lorg/example/restaurant/model/Restaurant;" line="318"><counter type="INSTRUCTION" missed="0" covered="3"/><counter type="LINE" missed="0" covered="1"/><counter type="COMPLEXITY" missed="0" covered="1"/><counter type="METHOD" missed="0" covered="1"/></method><method name="lambda$findNearby$0" desc="(Lorg/example/restaurant/service/RecommendationService$DistancedRestaurant;)D" line="315"><counter type="INSTRUCTION" missed="0" covered="3"/><counter type="LINE" missed="0" covered="1"/><counter type="COMPLEXITY" missed="0" covered="1"/><counter type="METHOD" missed="0" covered="1"/></method><method name="lambda$getPopularRestaurants$2" desc="(Lorg/example/restaurant/model/Restaurant;Lorg/example/restaurant/model/Restaurant;)I" line="249"><counter type="INSTRUCTION" missed="0" covered="12"/><counter type="LINE" missed="0" covered="3"/><counter type="COMPLEXITY" missed="0" covered="1"/><counter type="METHOD" missed="0" covered="1"/></method><method name="lambda$getPopularRestaurants$1" desc="(Lorg/example/restaurant/model/Restaurant;)Z" line="246"><counter type="INSTRUCTION" missed="0" covered="7"/><counter type="BRANCH" missed="0" covered="2"/><counter type="LINE" missed="0" covered="1"/><counter type="COMPLEXITY" missed="0" covered="2"/><counter type="METHOD" missed="0" covered="1"/></method><method name="lambda$getPopularRestaurants$0" desc="(Lorg/example/restaurant/model/Restaurant;)Z" line="245"><counter type="INSTRUCTION" missed="1" covered="8"/><counter type="BRANCH" missed="2" covered="2"/><counter type="LINE" missed="0" covered="1"/><counter type="COMPLEXITY" missed="2" covered="1"/><counter type="METHOD" missed="0" covered="1"/></method><method name="lambda$recommendSimilar$1" desc="(Lorg/example/restaurant/service/RecommendationService$ScoredRestaurant;)Lorg/example/restaurant/model/Restaurant;" line="167"><counter type="INSTRUCTION" missed="0" covered="3"/><counter type="LINE" missed="0" covered="1"/><counter type="COMPLEXITY" missed="0" covered="1"/><counter type="METHOD" missed="0" covered="1"/></method><method name="lambda$recommendSimilar$0" desc="(Lorg/example/restaurant/service/RecommendationService$ScoredRestaurant;Lorg/example/restaurant/service/RecommendationService$ScoredRestaurant;)I" line="163"><counter type="INSTRUCTION" missed="0" covered="6"/><counter type="LINE" missed="0" covered="1"/><counter type="COMPLEXITY" missed="0" covered="1"/><counter type="METHOD" missed="0" covered="1"/></method><method name="lambda$recommendByPreferences$1" desc="(Lorg/example/restaurant/service/RecommendationService$ScoredRestaurant;)Lorg/example/restaurant/model/Restaurant;" line="59"><counter type="INSTRUCTION" missed="0" covered="3"/><counter type="LINE" missed="0" covered="1"/><counter type="COMPLEXITY" missed="0" covered="1"/><counter type="METHOD" missed="0" covered="1"/></method><method name="lambda$recommendByPreferences$0" desc="(Lorg/example/restaurant/service/RecommendationService$ScoredRestaurant;Lorg/example/restaurant/service/RecommendationService$ScoredRestaurant;)I" line="56"><counter type="INSTRUCTION" missed="0" covered="6"/><counter type="LINE" missed="0" covered="1"/><counter type="COMPLEXITY" missed="0" covered="1"/><counter type="METHOD" missed="0" covered="1"/></method><counter type="INSTRUCTION" missed="10" covered="947"/><counter type="BRANCH" missed="23" covered="147"/><counter type="LINE" missed="4" covered="201"/><counter type="COMPLEXITY" missed="23" covered="87"/><counter type="METHOD" missed="0" covered="25"/><counter type="CLASS" missed="0" covered="1"/></class><class name="org/example/restaurant/service/RatingService" sourcefilename="RatingService.java"><method name="&lt;init&gt;" desc="()V" line="16"><counter type="INSTRUCTION" missed="0" covered="3"/><counter type="LINE" missed="0" covered="1"/><counter type="COMPLEXITY" missed="0" covered="1"/><counter type="METHOD" missed="0" covered="1"/></method><method name="calculateAverageRating" desc="(Lorg/example/restaurant/model/Restaurant;)D" line="26"><counter type="INSTRUCTION" missed="0" covered="61"/><counter type="BRANCH" missed="1" covered="15"/><counter type="LINE" missed="0" covered="15"/><counter type="COMPLEXITY" missed="1" covered="8"/><counter type="METHOD" missed="0" covered="1"/></method><method name="calculateWeightedRating" desc="(Lorg/example/restaurant/model/Restaurant;)D" line="57"><counter type="INSTRUCTION" missed="0" covered="79"/><counter type="BRANCH" missed="3" covered="15"/><counter type="LINE" missed="0" covered="18"/><counter type="COMPLEXITY" missed="3" covered="7"/><counter type="METHOD" missed="0" covered="1"/></method><method name="calculateReviewWeight" desc="(Lorg/example/restaurant/model/Review;)D" line="94"><counter type="INSTRUCTION" missed="0" covered="73"/><counter type="BRANCH" missed="1" covered="15"/><counter type="LINE" missed="0" covered="19"/><counter type="COMPLEXITY" missed="1" covered="8"/><counter type="METHOD" missed="0" covered="1"/></method><method name="filterByRatingRange" desc="(Ljava/util/List;Ljava/lang/Double;Ljava/lang/Double;)Ljava/util/List;" line="138"><counter type="INSTRUCTION" missed="1" covered="62"/><counter type="BRANCH" missed="2" covered="18"/><counter type="LINE" missed="0" covered="13"/><counter type="COMPLEXITY" missed="2" covered="9"/><counter type="METHOD" missed="0" covered="1"/></method><method name="getTopRatedRestaurants" desc="(Ljava/util/List;I)Ljava/util/List;" line="167"><counter type="INSTRUCTION" missed="0" covered="29"/><counter type="BRANCH" missed="0" covered="6"/><counter type="LINE" missed="0" covered="10"/><counter type="COMPLEXITY" missed="0" covered="4"/><counter type="METHOD" missed="0" covered="1"/></method><method name="filterByMinReviewCount" desc="(Ljava/util/List;I)Ljava/util/List;" line="197"><counter type="INSTRUCTION" missed="0" covered="26"/><counter type="BRANCH" missed="0" covered="6"/><counter type="LINE" missed="0" covered="9"/><counter type="COMPLEXITY" missed="0" covered="4"/><counter type="METHOD" missed="0" covered="1"/></method><method name="getRatingDistribution" desc="(Lorg/example/restaurant/model/Restaurant;)[I" line="217"><counter type="INSTRUCTION" missed="0" covered="44"/><counter type="BRANCH" missed="1" covered="11"/><counter type="LINE" missed="0" covered="10"/><counter type="COMPLEXITY" missed="1" covered="6"/><counter type="METHOD" missed="0" covered="1"/></method><method name="calculateRatingTrend" desc="(Lorg/example/restaurant/model/Restaurant;)Ljava/lang/String;" line="240"><counter type="INSTRUCTION" missed="2" covered="69"/><counter type="BRANCH" missed="2" covered="10"/><counter type="LINE" missed="1" covered="19"/><counter type="COMPLEXITY" missed="2" covered="5"/><counter type="METHOD" missed="0" covered="1"/></method><method name="calculateAverage" desc="(Ljava/util/List;)D" line="277"><counter type="INSTRUCTION" missed="1" covered="47"/><counter type="BRANCH" missed="1" covered="13"/><counter type="LINE" missed="0" covered="10"/><counter type="COMPLEXITY" missed="1" covered="7"/><counter type="METHOD" missed="0" covered="1"/></method><method name="sortByRating" desc="(Ljava/util/List;Z)Ljava/util/List;" line="296"><counter type="INSTRUCTION" missed="0" covered="25"/><counter type="BRANCH" missed="0" covered="6"/><counter type="LINE" missed="0" covered="8"/><counter type="COMPLEXITY" missed="0" covered="4"/><counter type="METHOD" missed="0" covered="1"/></method><method name="hasGoodRating" desc="(Lorg/example/restaurant/model/Restaurant;I)Z" line="320"><counter type="INSTRUCTION" missed="0" covered="22"/><counter type="BRANCH" missed="0" covered="6"/><counter type="LINE" missed="0" covered="6"/><counter type="COMPLEXITY" missed="0" covered="4"/><counter type="METHOD" missed="0" covered="1"/></method><method name="lambda$sortByRating$0" desc="(Lorg/example/restaurant/model/Restaurant;Lorg/example/restaurant/model/Restaurant;)I" line="301"><counter type="INSTRUCTION" missed="2" covered="18"/><counter type="BRANCH" missed="2" covered="2"/><counter type="LINE" missed="0" covered="3"/><counter type="COMPLEXITY" missed="2" covered="1"/><counter type="METHOD" missed="0" covered="1"/></method><method name="lambda$calculateRatingTrend$0" desc="(Lorg/example/restaurant/model/Review;)Z" line="251"><counter type="INSTRUCTION" missed="1" covered="8"/><counter type="BRANCH" missed="2" covered="2"/><counter type="LINE" missed="0" covered="1"/><counter type="COMPLEXITY" missed="2" covered="1"/><counter type="METHOD" missed="0" covered="1"/></method><method name="lambda$filterByMinReviewCount$1" desc="(ILorg/example/restaurant/model/Restaurant;)Z" line="208"><counter type="INSTRUCTION" missed="0" covered="8"/><counter type="BRANCH" missed="0" covered="2"/><counter type="LINE" missed="0" covered="1"/><counter type="COMPLEXITY" missed="0" covered="2"/><counter type="METHOD" missed="0" covered="1"/></method><method name="lambda$filterByMinReviewCount$0" desc="(Lorg/example/restaurant/model/Restaurant;)Z" line="207"><counter type="INSTRUCTION" missed="1" covered="5"/><counter type="BRANCH" missed="1" covered="1"/><counter type="LINE" missed="0" covered="1"/><counter type="COMPLEXITY" missed="1" covered="1"/><counter type="METHOD" missed="0" covered="1"/></method><method name="lambda$getTopRatedRestaurants$2" desc="(Lorg/example/restaurant/model/Restaurant;Lorg/example/restaurant/model/Restaurant;)I" line="179"><counter type="INSTRUCTION" missed="0" covered="22"/><counter type="BRANCH" missed="0" covered="2"/><counter type="LINE" missed="0" covered="6"/><counter type="COMPLEXITY" missed="0" covered="2"/><counter type="METHOD" missed="0" covered="1"/></method><method name="lambda$getTopRatedRestaurants$1" desc="(Lorg/example/restaurant/model/Restaurant;)Z" line="177"><counter type="INSTRUCTION" missed="0" covered="11"/><counter type="BRANCH" missed="1" covered="3"/><counter type="LINE" missed="0" covered="1"/><counter type="COMPLEXITY" missed="1" covered="2"/><counter type="METHOD" missed="0" covered="1"/></method><method name="lambda$getTopRatedRestaurants$0" desc="(Lorg/example/restaurant/model/Restaurant;)Z" line="176"><counter type="INSTRUCTION" missed="1" covered="5"/><counter type="BRANCH" missed="1" covered="1"/><counter type="LINE" missed="0" covered="1"/><counter type="COMPLEXITY" missed="1" covered="1"/><counter type="METHOD" missed="0" covered="1"/></method><counter type="INSTRUCTION" missed="9" covered="617"/><counter type="BRANCH" missed="18" covered="134"/><counter type="LINE" missed="1" covered="147"/><counter type="COMPLEXITY" missed="18" covered="77"/><counter type="METHOD" missed="0" covered="19"/><counter type="CLASS" missed="0" covered="1"/></class><class name="org/example/restaurant/service/PriceAnalyzer$PriceStatistics" sourcefilename="PriceAnalyzer.java"><method name="&lt;init&gt;" desc="()V" line="327"><counter type="INSTRUCTION" missed="0" covered="18"/><counter type="LINE" missed="0" covered="6"/><counter type="COMPLEXITY" missed="0" covered="1"/><counter type="METHOD" missed="0" covered="1"/></method><method name="toString" desc="()Ljava/lang/String;" line="336"><counter type="INSTRUCTION" missed="0" covered="35"/><counter type="LINE" missed="0" covered="2"/><counter type="COMPLEXITY" missed="0" covered="1"/><counter type="METHOD" missed="0" covered="1"/></method><counter type="INSTRUCTION" missed="0" covered="53"/><counter type="LINE" missed="0" covered="8"/><counter type="COMPLEXITY" missed="0" covered="2"/><counter type="METHOD" missed="0" covered="2"/><counter type="CLASS" missed="0" covered="1"/></class><class name="org/example/restaurant/service/BusinessHoursService" sourcefilename="BusinessHoursService.java"><method name="&lt;init&gt;" desc="()V" line="19"><counter type="INSTRUCTION" missed="0" covered="3"/><counter type="LINE" missed="0" covered="1"/><counter type="COMPLEXITY" missed="0" covered="1"/><counter type="METHOD" missed="0" covered="1"/></method><method name="isOpenNow" desc="(Lorg/example/restaurant/model/Restaurant;)Z" line="52"><counter type="INSTRUCTION" missed="0" covered="5"/><counter type="LINE" missed="0" covered="1"/><counter type="COMPLEXITY" missed="0" covered="1"/><counter type="METHOD" missed="0" covered="1"/></method><method name="isOpenAt" desc="(Lorg/example/restaurant/model/Restaurant;Ljava/time/LocalDateTime;)Z" line="60"><counter type="INSTRUCTION" missed="0" covered="48"/><counter type="BRANCH" missed="0" covered="14"/><counter type="LINE" missed="0" covered="16"/><counter type="COMPLEXITY" missed="0" covered="8"/><counter type="METHOD" missed="0" covered="1"/></method><method name="isHoliday" desc="(Ljava/time/LocalDate;)Z" line="96"><counter type="INSTRUCTION" missed="0" covered="8"/><counter type="BRANCH" missed="0" covered="2"/><counter type="LINE" missed="0" covered="3"/><counter type="COMPLEXITY" missed="0" covered="2"/><counter type="METHOD" missed="0" covered="1"/></method><method name="addHoliday" desc="(Ljava/time/LocalDate;)V" line="106"><counter type="INSTRUCTION" missed="0" covered="7"/><counter type="BRANCH" missed="0" covered="2"/><counter type="LINE" missed="0" covered="3"/><counter type="COMPLEXITY" missed="0" covered="2"/><counter type="METHOD" missed="0" covered="1"/></method><method name="removeHoliday" desc="(Ljava/time/LocalDate;)V" line="115"><counter type="INSTRUCTION" missed="0" covered="7"/><counter type="BRANCH" missed="0" covered="2"/><counter type="LINE" missed="0" covered="3"/><counter type="COMPLEXITY" missed="0" covered="2"/><counter type="METHOD" missed="0" covered="1"/></method><method name="findOpenRestaurants" desc="(Ljava/util/List;Ljava/time/LocalDateTime;)Ljava/util/List;" line="126"><counter type="INSTRUCTION" missed="0" covered="27"/><counter type="BRANCH" missed="0" covered="6"/><counter type="LINE" missed="0" covered="9"/><counter type="COMPLEXITY" missed="0" covered="4"/><counter type="METHOD" missed="0" covered="1"/></method><method name="findOpenNow" desc="(Ljava/util/List;)Ljava/util/List;" line="146"><counter type="INSTRUCTION" missed="0" covered="5"/><counter type="LINE" missed="0" covered="1"/><counter type="COMPLEXITY" missed="0" covered="1"/><counter type="METHOD" missed="0" covered="1"/></method><method name="getNextOpenTime" desc="(Lorg/example/restaurant/model/Restaurant;)Ljava/time/LocalDateTime;" line="154"><counter type="INSTRUCTION" missed="0" covered="5"/><counter type="LINE" missed="0" covered="1"/><counter type="COMPLEXITY" missed="0" covered="1"/><counter type="METHOD" missed="0" covered="1"/></method><method name="getNextOpenTime" desc="(Lorg/example/restaurant/model/Restaurant;Ljava/time/LocalDateTime;)Ljava/time/LocalDateTime;" line="158"><counter type="INSTRUCTION" missed="0" covered="73"/><counter type="BRANCH" missed="0" covered="22"/><counter type="LINE" missed="0" covered="23"/><counter type="COMPLEXITY" missed="0" covered="12"/><counter type="METHOD" missed="0" covered="1"/></method><method name="getClosingTimeToday" desc="(Lorg/example/restaurant/model/Restaurant;)Ljava/time/LocalTime;" line="212"><counter type="INSTRUCTION" missed="0" covered="25"/><counter type="BRANCH" missed="0" covered="6"/><counter type="LINE" missed="0" covered="10"/><counter type="COMPLEXITY" missed="0" covered="4"/><counter type="METHOD" missed="0" covered="1"/></method><method name="isClosingSoon" desc="(Lorg/example/restaurant/model/Restaurant;I)Z" line="236"><counter type="INSTRUCTION" missed="6" covered="45"/><counter type="BRANCH" missed="4" covered="12"/><counter type="LINE" missed="3" covered="11"/><counter type="COMPLEXITY" missed="4" covered="5"/><counter type="METHOD" missed="0" covered="1"/></method><method name="findClosingSoon" desc="(Ljava/util/List;I)Ljava/util/List;" line="276"><counter type="INSTRUCTION" missed="0" covered="21"/><counter type="BRANCH" missed="0" covered="4"/><counter type="LINE" missed="0" covered="6"/><counter type="COMPLEXITY" missed="0" covered="3"/><counter type="METHOD" missed="0" covered="1"/></method><method name="getOperatingDaysCount" desc="(Lorg/example/restaurant/model/Restaurant;)I" line="291"><counter type="INSTRUCTION" missed="0" covered="36"/><counter type="BRANCH" missed="0" covered="8"/><counter type="LINE" missed="0" covered="10"/><counter type="COMPLEXITY" missed="0" covered="5"/><counter type="METHOD" missed="0" covered="1"/></method><method name="getBusinessHoursSummary" desc="(Lorg/example/restaurant/model/Restaurant;)Ljava/lang/String;" line="315"><counter type="INSTRUCTION" missed="0" covered="31"/><counter type="BRANCH" missed="0" covered="10"/><counter type="LINE" missed="0" covered="13"/><counter type="COMPLEXITY" missed="0" covered="6"/><counter type="METHOD" missed="0" covered="1"/></method><method name="is24Hours" desc="(Lorg/example/restaurant/model/Restaurant;Ljava/time/DayOfWeek;)Z" line="342"><counter type="INSTRUCTION" missed="0" covered="37"/><counter type="BRANCH" missed="1" covered="11"/><counter type="LINE" missed="0" covered="10"/><counter type="COMPLEXITY" missed="1" covered="6"/><counter type="METHOD" missed="0" covered="1"/></method><method name="calculateWeeklyOperatingHours" desc="(Lorg/example/restaurant/model/Restaurant;)D" line="365"><counter type="INSTRUCTION" missed="0" covered="91"/><counter type="BRANCH" missed="2" covered="12"/><counter type="LINE" missed="0" covered="17"/><counter type="COMPLEXITY" missed="2" covered="6"/><counter type="METHOD" missed="0" covered="1"/></method><method name="lambda$findClosingSoon$1" desc="(ILorg/example/restaurant/model/Restaurant;)Z" line="282"><counter type="INSTRUCTION" missed="0" covered="5"/><counter type="LINE" missed="0" covered="1"/><counter type="COMPLEXITY" missed="0" covered="1"/><counter type="METHOD" missed="0" covered="1"/></method><method name="lambda$findClosingSoon$0" desc="(Lorg/example/restaurant/model/Restaurant;)Z" line="281"><counter type="INSTRUCTION" missed="0" covered="6"/><counter type="BRANCH" missed="0" covered="2"/><counter type="LINE" missed="0" covered="1"/><counter type="COMPLEXITY" missed="0" covered="2"/><counter type="METHOD" missed="0" covered="1"/></method><method name="lambda$findOpenRestaurants$1" desc="(Ljava/time/LocalDateTime;Lorg/example/restaurant/model/Restaurant;)Z" line="138"><counter type="INSTRUCTION" missed="0" covered="5"/><counter type="LINE" missed="0" covered="1"/><counter type="COMPLEXITY" missed="0" covered="1"/><counter type="METHOD" missed="0" covered="1"/></method><method name="lambda$findOpenRestaurants$0" desc="(Lorg/example/restaurant/model/Restaurant;)Z" line="137"><counter type="INSTRUCTION" missed="0" covered="6"/><counter type="BRANCH" missed="0" covered="2"/><counter type="LINE" missed="0" covered="1"/><counter type="COMPLEXITY" missed="0" covered="2"/><counter type="METHOD" missed="0" covered="1"/></method><method name="&lt;clinit&gt;" desc="()V" line="22"><counter type="INSTRUCTION" missed="0" covered="138"/><counter type="LINE" missed="0" covered="21"/><counter type="COMPLEXITY" missed="0" covered="1"/><counter type="METHOD" missed="0" covered="1"/></method><counter type="INSTRUCTION" missed="6" covered="634"/><counter type="BRANCH" missed="7" covered="115"/><counter type="LINE" missed="3" covered="159"/><counter type="COMPLEXITY" missed="7" covered="76"/><counter type="METHOD" missed="0" covered="22"/><counter type="CLASS" missed="0" covered="1"/></class><class name="org/example/restaurant/service/PriceAnalyzer" sourcefilename="PriceAnalyzer.java"><method name="&lt;init&gt;" desc="()V" line="14"><counter type="INSTRUCTION" missed="0" covered="3"/><counter type="LINE" missed="0" covered="1"/><counter type="COMPLEXITY" missed="0" covered="1"/><counter type="METHOD" missed="0" covered="1"/></method><method name="filterByPriceRange" desc="(Ljava/util/List;Ljava/lang/Double;Ljava/lang/Double;)Ljava/util/List;" line="27"><counter type="INSTRUCTION" missed="3" covered="93"/><counter type="BRANCH" missed="4" covered="28"/><counter type="LINE" missed="0" covered="18"/><counter type="COMPLEXITY" missed="4" covered="13"/><counter type="METHOD" missed="0" covered="1"/></method><method name="calculateAveragePrice" desc="(Lorg/example/restaurant/model/Restaurant;)D" line="68"><counter type="INSTRUCTION" missed="0" covered="65"/><counter type="BRANCH" missed="1" covered="15"/><counter type="LINE" missed="0" covered="20"/><counter type="COMPLEXITY" missed="1" covered="8"/><counter type="METHOD" missed="0" covered="1"/></method><method name="sortByPrice" desc="(Ljava/util/List;Z)Ljava/util/List;" line="106"><counter type="INSTRUCTION" missed="0" covered="27"/><counter type="BRANCH" missed="0" covered="6"/><counter type="LINE" missed="0" covered="9"/><counter type="COMPLEXITY" missed="0" covered="4"/><counter type="METHOD" missed="0" covered="1"/></method><method name="getEffectivePrice" desc="(Lorg/example/restaurant/model/Restaurant;)D" line="127"><counter type="INSTRUCTION" missed="0" covered="13"/><counter type="BRANCH" missed="0" covered="2"/><counter type="LINE" missed="0" covered="2"/><counter type="COMPLEXITY" missed="0" covered="2"/><counter type="METHOD" missed="0" covered="1"/></method><method name="recommendByBudget" desc="(Ljava/util/List;D)Ljava/util/List;" line="136"><counter type="INSTRUCTION" missed="1" covered="76"/><counter type="BRANCH" missed="1" covered="15"/><counter type="LINE" missed="1" covered="19"/><counter type="COMPLEXITY" missed="1" covered="8"/><counter type="METHOD" missed="0" covered="1"/></method><method name="calculateValueScore" desc="(Lorg/example/restaurant/model/Restaurant;Lorg/example/restaurant/service/RatingService;)D" line="179"><counter type="INSTRUCTION" missed="20" covered="0"/><counter type="BRANCH" missed="2" covered="0"/><counter type="LINE" missed="5" covered="0"/><counter type="COMPLEXITY" missed="2" covered="0"/><counter type="METHOD" missed="1" covered="0"/></method><method name="categorizePriceLevel" desc="(Lorg/example/restaurant/model/Restaurant;)I" line="195"><counter type="INSTRUCTION" missed="0" covered="40"/><counter type="BRANCH" missed="0" covered="12"/><counter type="LINE" missed="0" covered="14"/><counter type="COMPLEXITY" missed="0" covered="7"/><counter type="METHOD" missed="0" covered="1"/></method><method name="filterByPriceLevel" desc="(Ljava/util/List;I)Ljava/util/List;" line="224"><counter type="INSTRUCTION" missed="0" covered="32"/><counter type="BRANCH" missed="0" covered="8"/><counter type="LINE" missed="0" covered="8"/><counter type="COMPLEXITY" missed="0" covered="5"/><counter type="METHOD" missed="0" covered="1"/></method><method name="getPriceRangeDescription" desc="(Lorg/example/restaurant/model/Restaurant;)Ljava/lang/String;" line="243"><counter type="INSTRUCTION" missed="0" covered="20"/><counter type="BRANCH" missed="0" covered="7"/><counter type="LINE" missed="0" covered="9"/><counter type="COMPLEXITY" missed="0" covered="6"/><counter type="METHOD" missed="0" covered="1"/></method><method name="calculatePriceStatistics" desc="(Ljava/util/List;)Lorg/example/restaurant/service/PriceAnalyzer$PriceStatistics;" line="268"><counter type="INSTRUCTION" missed="2" covered="89"/><counter type="BRANCH" missed="1" covered="11"/><counter type="LINE" missed="1" covered="18"/><counter type="COMPLEXITY" missed="1" covered="6"/><counter type="METHOD" missed="0" covered="1"/></method><method name="isAffordable" desc="(Lorg/example/restaurant/model/Restaurant;Ljava/util/List;)Z" line="306"><counter type="INSTRUCTION" missed="0" covered="36"/><counter type="BRANCH" missed="0" covered="8"/><counter type="LINE" missed="0" covered="10"/><counter type="COMPLEXITY" missed="0" covered="5"/><counter type="METHOD" missed="0" covered="1"/></method><method name="lambda$calculatePriceStatistics$0" desc="(Ljava/lang/Double;)D" line="295"><counter type="INSTRUCTION" missed="0" covered="3"/><counter type="LINE" missed="0" covered="1"/><counter type="COMPLEXITY" missed="0" covered="1"/><counter type="METHOD" missed="0" covered="1"/></method><method name="lambda$filterByPriceLevel$1" desc="(ILorg/example/restaurant/model/Restaurant;)Z" line="234"><counter type="INSTRUCTION" missed="0" covered="9"/><counter type="BRANCH" missed="0" covered="2"/><counter type="LINE" missed="0" covered="1"/><counter type="COMPLEXITY" missed="0" covered="2"/><counter type="METHOD" missed="0" covered="1"/></method><method name="lambda$filterByPriceLevel$0" desc="(Lorg/example/restaurant/model/Restaurant;)Z" line="233"><counter type="INSTRUCTION" missed="1" covered="5"/><counter type="BRANCH" missed="1" covered="1"/><counter type="LINE" missed="0" covered="1"/><counter type="COMPLEXITY" missed="1" covered="1"/><counter type="METHOD" missed="0" covered="1"/></method><method name="lambda$recommendByBudget$0" desc="(Lorg/example/restaurant/service/RatingService;Lorg/example/restaurant/model/Restaurant;Lorg/example/restaurant/model/Restaurant;)I" line="171"><counter type="INSTRUCTION" missed="14" covered="0"/><counter type="LINE" missed="3" covered="0"/><counter type="COMPLEXITY" missed="1" covered="0"/><counter type="METHOD" missed="1" covered="0"/></method><method name="lambda$sortByPrice$1" desc="(Lorg/example/restaurant/model/Restaurant;)Z" line="121"><counter type="INSTRUCTION" missed="0" covered="6"/><counter type="BRANCH" missed="0" covered="2"/><counter type="LINE" missed="0" covered="1"/><counter type="COMPLEXITY" missed="0" covered="2"/><counter type="METHOD" missed="0" covered="1"/></method><method name="lambda$sortByPrice$0" desc="(Lorg/example/restaurant/model/Restaurant;Lorg/example/restaurant/model/Restaurant;)I" line="111"><counter type="INSTRUCTION" missed="2" covered="18"/><counter type="BRANCH" missed="2" covered="2"/><counter type="LINE" missed="0" covered="3"/><counter type="COMPLEXITY" missed="2" covered="1"/><counter type="METHOD" missed="0" covered="1"/></method><counter type="INSTRUCTION" missed="43" covered="535"/><counter type="BRANCH" missed="12" covered="119"/><counter type="LINE" missed="10" covered="131"/><counter type="COMPLEXITY" missed="13" covered="72"/><counter type="METHOD" missed="2" covered="16"/><counter type="CLASS" missed="0" covered="1"/></class><class name="org/example/restaurant/service/RecommendationService$DistancedRestaurant" sourcefilename="RecommendationService.java"><method name="&lt;init&gt;" desc="(Lorg/example/restaurant/model/Restaurant;D)V" line="440"><counter type="INSTRUCTION" missed="0" covered="9"/><counter type="LINE" missed="0" covered="4"/><counter type="COMPLEXITY" missed="0" covered="1"/><counter type="METHOD" missed="0" covered="1"/></method><counter type="INSTRUCTION" missed="0" covered="9"/><counter type="LINE" missed="0" covered="4"/><counter type="COMPLEXITY" missed="0" covered="1"/><counter type="METHOD" missed="0" covered="1"/><counter type="CLASS" missed="0" covered="1"/></class><class name="org/example/restaurant/service/InputValidator" sourcefilename="InputValidator.java"><method name="&lt;init&gt;" desc="()V" line="12"><counter type="INSTRUCTION" missed="0" covered="3"/><counter type="LINE" missed="0" covered="1"/><counter type="COMPLEXITY" missed="0" covered="1"/><counter type="METHOD" missed="0" covered="1"/></method><method name="validateRestaurant" desc="(Lorg/example/restaurant/model/Restaurant;)V" line="19"><counter type="INSTRUCTION" missed="0" covered="153"/><counter type="BRANCH" missed="2" covered="38"/><counter type="LINE" missed="0" covered="29"/><counter type="COMPLEXITY" missed="2" covered="19"/><counter type="METHOD" missed="0" covered="1"/></method><method name="validateLocation" desc="(Lorg/example/restaurant/model/Location;)V" line="85"><counter type="INSTRUCTION" missed="0" covered="102"/><counter type="BRANCH" missed="2" covered="26"/><counter type="LINE" missed="0" covered="17"/><counter type="COMPLEXITY" missed="2" covered="13"/><counter type="METHOD" missed="0" covered="1"/></method><method name="validateReview" desc="(Lorg/example/restaurant/model/Review;)V" line="126"><counter type="INSTRUCTION" missed="0" covered="124"/><counter type="BRANCH" missed="4" covered="28"/><counter type="LINE" missed="0" covered="23"/><counter type="COMPLEXITY" missed="4" covered="13"/><counter type="METHOD" missed="0" covered="1"/></method><method name="validateSearchCriteria" desc="(Lorg/example/restaurant/model/SearchCriteria;)V" line="181"><counter type="INSTRUCTION" missed="0" covered="234"/><counter type="BRANCH" missed="8" covered="56"/><counter type="LINE" missed="0" covered="32"/><counter type="COMPLEXITY" missed="8" covered="25"/><counter type="METHOD" missed="0" covered="1"/></method><method name="validateBusinessHours" desc="(Lorg/example/restaurant/model/BusinessHours;)V" line="246"><counter type="INSTRUCTION" missed="0" covered="49"/><counter type="BRANCH" missed="0" covered="12"/><counter type="LINE" missed="0" covered="12"/><counter type="COMPLEXITY" missed="0" covered="7"/><counter type="METHOD" missed="0" covered="1"/></method><method name="validateMenuItem" desc="(Lorg/example/restaurant/model/MenuItem;)V" line="270"><counter type="INSTRUCTION" missed="0" covered="107"/><counter type="BRANCH" missed="4" covered="22"/><counter type="LINE" missed="0" covered="19"/><counter type="COMPLEXITY" missed="4" covered="10"/><counter type="METHOD" missed="0" covered="1"/></method><method name="isValidPhoneNumber" desc="(Ljava/lang/String;)Z" line="313"><counter type="INSTRUCTION" missed="0" covered="30"/><counter type="BRANCH" missed="0" covered="10"/><counter type="LINE" missed="0" covered="6"/><counter type="COMPLEXITY" missed="0" covered="6"/><counter type="METHOD" missed="0" covered="1"/></method><method name="isValidUrl" desc="(Ljava/lang/String;)Z" line="327"><counter type="INSTRUCTION" missed="2" covered="17"/><counter type="BRANCH" missed="2" covered="6"/><counter type="LINE" missed="1" covered="2"/><counter type="COMPLEXITY" missed="2" covered="3"/><counter type="METHOD" missed="0" covered="1"/></method><method name="isValidPostalCode" desc="(Ljava/lang/String;)Z
[...]
0" cb="0"/><line nr="31" mi="0" ci="3" mb="0" cb="0"/><line nr="32" mi="0" ci="1" mb="0" cb="0"/><line nr="35" mi="0" ci="3" mb="0" cb="0"/><line nr="39" mi="0" ci="6" mb="1" cb="3"/><line nr="40" mi="0" ci="2" mb="0" cb="0"/><line nr="42" mi="0" ci="16" mb="0" cb="2"/><line nr="43" mi="0" ci="5" mb="0" cb="2"/><line nr="44" mi="0" ci="2" mb="0" cb="0"/><line nr="47" mi="0" ci="2" mb="0" cb="0"/><counter type="INSTRUCTION" missed="0" covered="187"/><counter type="BRANCH" missed="1" covered="7"/><counter type="LINE" missed="0" covered="31"/><counter type="COMPLEXITY" missed="1" covered="7"/><counter type="METHOD" missed="0" covered="4"/><counter type="CLASS" missed="0" covered="1"/></sourcefile><sourcefile name="MenuItem.java"><line nr="21" mi="0" ci="2" mb="0" cb="0"/><line nr="22" mi="0" ci="3" mb="0" cb="0"/><line nr="23" mi="0" ci="1" mb="0" cb="0"/><line nr="25" mi="0" ci="2" mb="0" cb="0"/><line nr="26" mi="0" ci="3" mb="0" cb="0"/><line nr="27" mi="0" ci="3" mb="0" cb="0"/><line nr="28" mi="0" ci="3" mb="0" cb="0"/><line nr="29" mi="0" ci="3" mb="0" cb="0"/><line nr="30" mi="0" ci="1" mb="0" cb="0"/><line nr="33" mi="0" ci="5" mb="0" cb="0"/><line nr="34" mi="0" ci="3" mb="0" cb="0"/><line nr="35" mi="0" ci="1" mb="0" cb="0"/><line nr="38" mi="0" ci="3" mb="0" cb="0"/><line nr="42" mi="0" ci="3" mb="0" cb="0"/><line nr="43" mi="0" ci="1" mb="0" cb="0"/><line nr="46" mi="0" ci="3" mb="0" cb="0"/><line nr="50" mi="0" ci="3" mb="0" cb="0"/><line nr="51" mi="0" ci="1" mb="0" cb="0"/><line nr="54" mi="0" ci="3" mb="0" cb="0"/><line nr="58" mi="0" ci="3" mb="0" cb="0"/><line nr="59" mi="0" ci="1" mb="0" cb="0"/><line nr="62" mi="0" ci="3" mb="0" cb="0"/><line nr="66" mi="0" ci="3" mb="0" cb="0"/><line nr="67" mi="0" ci="1" mb="0" cb="0"/><line nr="70" mi="0" ci="3" mb="0" cb="0"/><line nr="74" mi="0" ci="3" mb="0" cb="0"/><line nr="75" mi="0" ci="1" mb="0" cb="0"/><line nr="78" mi="0" ci="3" mb="0" cb="0"/><line nr="82" mi="0" ci="3" mb="0" cb="0"/><line nr="83" mi="0" ci="1" mb="0" cb="0"/><line nr="86" mi="0" ci="3" mb="0" cb="0"/><line nr="90" mi="0" ci="3" mb="0" cb="0"/><line nr="91" mi="0" ci="1" mb="0" cb="0"/><line nr="94" mi="0" ci="3" mb="0" cb="0"/><line nr="98" mi="0" ci="3" mb="0" cb="0"/><line nr="99" mi="0" ci="1" mb="0" cb="0"/><line nr="102" mi="0" ci="3" mb="0" cb="0"/><line nr="106" mi="0" ci="3" mb="0" cb="0"/><line nr="107" mi="0" ci="1" mb="0" cb="0"/><line nr="110" mi="0" ci="3" mb="0" cb="0"/><line nr="114" mi="0" ci="3" mb="0" cb="0"/><line nr="115" mi="0" ci="1" mb="0" cb="0"/><line nr="118" mi="0" ci="3" mb="0" cb="0"/><line nr="122" mi="0" ci="3" mb="0" cb="0"/><line nr="123" mi="0" ci="1" mb="0" cb="0"/><line nr="127" mi="0" ci="5" mb="0" cb="4"/><line nr="128" mi="0" ci="2" mb="0" cb="0"/><line nr="130" mi="0" ci="5" mb="0" cb="4"/><line nr="131" mi="0" ci="2" mb="0" cb="0"/><line nr="133" mi="0" ci="5" mb="0" cb="4"/><line nr="134" mi="0" ci="2" mb="0" cb="0"/><line nr="136" mi="0" ci="2" mb="0" cb="0"/><line nr="140" mi="0" ci="8" mb="0" cb="4"/><line nr="141" mi="0" ci="2" mb="0" cb="0"/><line nr="143" mi="0" ci="4" mb="0" cb="2"/><line nr="144" mi="0" ci="2" mb="0" cb="0"/><line nr="146" mi="0" ci="14" mb="1" cb="3"/><line nr="151" mi="0" ci="3" mb="0" cb="2"/><line nr="152" mi="0" ci="2" mb="0" cb="0"/><line nr="153" mi="0" ci="7" mb="0" cb="4"/><line nr="154" mi="0" ci="2" mb="0" cb="0"/><line nr="155" mi="0" ci="3" mb="0" cb="0"/><line nr="156" mi="0" ci="6" mb="0" cb="0"/><line nr="161" mi="0" ci="9" mb="0" cb="0"/><line nr="166" mi="0" ci="10" mb="0" cb="0"/><counter type="INSTRUCTION" missed="0" covered="202"/><counter type="BRANCH" missed="1" covered="27"/><counter type="LINE" missed="0" covered="65"/><counter type="COMPLEXITY" missed="1" covered="43"/><counter type="METHOD" missed="0" covered="30"/><counter type="CLASS" missed="0" covered="1"/></sourcefile><sourcefile name="Location.java"><line nr="16" mi="0" ci="2" mb="0" cb="0"/><line nr="17" mi="0" ci="1" mb="0" cb="0"/><line nr="19" mi="0" ci="2" mb="0" cb="0"/><line nr="20" mi="0" ci="3" mb="0" cb="0"/><line nr="21" mi="0" ci="3" mb="0" cb="0"/><line nr="22" mi="0" ci="1" mb="0" cb="0"/><line nr="24" mi="0" ci="2" mb="0" cb="0"/><line nr="25" mi="0" ci="3" mb="0" cb="0"/><line nr="26" mi="0" ci="3" mb="0" cb="0"/><line nr="27" mi="0" ci="3" mb="0" cb="0"/><line nr="28" mi="0" ci="3" mb="0" cb="0"/><line nr="29" mi="0" ci="1" mb="0" cb="0"/><line nr="32" mi="0" ci="3" mb="0" cb="0"/><line nr="36" mi="0" ci="3" mb="0" cb="0"/><line nr="37" mi="0" ci="1" mb="0" cb="0"/><line nr="40" mi="0" ci="3" mb="0" cb="0"/><line nr="44" mi="0" ci="3" mb="0" cb="0"/><line nr="45" mi="0" ci="1" mb="0" cb="0"/><line nr="48" mi="0" ci="3" mb="0" cb="0"/><line nr="52" mi="0" ci="3" mb="0" cb="0"/><line nr="53" mi="0" ci="1" mb="0" cb="0"/><line nr="56" mi="0" ci="3" mb="0" cb="0"/><line nr="60" mi="0" ci="3" mb="0" cb="0"/><line nr="61" mi="0" ci="1" mb="0" cb="0"/><line nr="64" mi="0" ci="3" mb="0" cb="0"/><line nr="68" mi="0" ci="3" mb="0" cb="0"/><line nr="69" mi="0" ci="1" mb="0" cb="0"/><line nr="72" mi="0" ci="3" mb="0" cb="0"/><line nr="76" mi="0" ci="3" mb="0" cb="0"/><line nr="77" mi="0" ci="1" mb="0" cb="0"/><line nr="80" mi="0" ci="24" mb="0" cb="8"/><line nr="85" mi="0" ci="4" mb="0" cb="0"/><line nr="86" mi="0" ci="7" mb="0" cb="4"/><line nr="87" mi="0" ci="7" mb="0" cb="0"/><line nr="89" mi="0" ci="7" mb="0" cb="4"/><line nr="90" mi="0" ci="5" mb="0" cb="0"/><line nr="92" mi="0" ci="7" mb="0" cb="4"/><line nr="93" mi="0" ci="5" mb="0" cb="0"/><line nr="95" mi="0" ci="7" mb="0" cb="4"/><line nr="96" mi="0" ci="5" mb="0" cb="0"/><line nr="98" mi="0" ci="4" mb="0" cb="0"/><line nr="103" mi="0" ci="3" mb="0" cb="2"/><line nr="104" mi="0" ci="2" mb="0" cb="0"/><line nr="105" mi="0" ci="7" mb="0" cb="4"/><line nr="106" mi="0" ci="2" mb="0" cb="0"/><line nr="107" mi="0" ci="3" mb="0" cb="0"/><line nr="108" mi="0" ci="11" mb="0" cb="2"/><line nr="109" mi="0" ci="5" mb="0" cb="2"/><line nr="114" mi="0" ci="16" mb="0" cb="0"/><line nr="119" mi="0" ci="10" mb="0" cb="0"/><counter type="INSTRUCTION" missed="0" covered="210"/><counter type="BRANCH" missed="0" covered="34"/><counter type="LINE" missed="0" covered="50"/><counter type="COMPLEXITY" missed="0" covered="37"/><counter type="METHOD" missed="0" covered="20"/><counter type="CLASS" missed="0" covered="1"/></sourcefile><sourcefile name="BusinessHours.java"><line nr="18" mi="0" ci="2" mb="0" cb="0"/><line nr="19" mi="0" ci="6" mb="0" cb="0"/><line nr="20" mi="0" ci="3" mb="0" cb="0"/><line nr="21" mi="0" ci="1" mb="0" cb="0"/><line nr="24" mi="0" ci="4" mb="0" cb="4"/><line nr="25" mi="0" ci="10" mb="0" cb="0"/><line nr="27" mi="0" ci="1" mb="0" cb="0"/><line nr="30" mi="0" ci="6" mb="0" cb="0"/><line nr="31" mi="0" ci="1" mb="0" cb="0"/><line nr="34" mi="0" ci="6" mb="0" cb="0"/><line nr="38" mi="0" ci="3" mb="0" cb="0"/><line nr="42" mi="0" ci="3" mb="0" cb="0"/><line nr="43" mi="0" ci="1" mb="0" cb="0"/><line nr="46" mi="0" ci="3" mb="0" cb="0"/><line nr="50" mi="0" ci="3" mb="0" cb="0"/><line nr="51" mi="0" ci="1" mb="0" cb="0"/><line nr="54" mi="0" ci="2" mb="0" cb="2"/><line nr="55" mi="0" ci="2" mb="0" cb="0"/><line nr="58" mi="0" ci="3" mb="0" cb="0"/><line nr="59" mi="0" ci="3" mb="0" cb="0"/><line nr="61" mi="0" ci="6" mb="0" cb="0"/><line nr="62" mi="0" ci="2" mb="0" cb="2"/><line nr="63" mi="0" ci="2" mb="0" cb="0"/><line nr="66" mi="0" ci="4" mb="0" cb="0"/><line nr="70" mi="4" ci="0" mb="0" cb="0"/><line nr="74" mi="0" ci="2" mb="0" cb="2"/><line nr="75" mi="0" ci="2" mb="0" cb="0"/><line nr="79" mi="0" ci="7" mb="0" cb="2"/><line nr="80" mi="0" ci="6" mb="0" cb="0"/><line nr="81" mi="0" ci="3" mb="0" cb="0"/><line nr="82" mi="0" ci="6" mb="0" cb="0"/><line nr="84" mi="0" ci="2" mb="0" cb="2"/><line nr="85" mi="0" ci="5" mb="0" cb="0"/><line nr="86" mi="0" ci="2" mb="0" cb="2"/><line nr="88" mi="0" ci="4" mb="0" cb="2"/><line nr="89" mi="0" ci="2" mb="0" cb="0"/><line nr="92" mi="0" ci="5" mb="0" cb="2"/><line nr="93" mi="0" ci="2" mb="0" cb="0"/><line nr="96" mi="0" ci="2" mb="0" cb="0"/><line nr="100" mi="0" ci="2" mb="0" cb="0"/><line nr="110" mi="0" ci="2" mb="0" cb="0"/><line nr="111" mi="0" ci="1" mb="0" cb="0"/><line nr="113" mi="0" ci="2" mb="0" cb="0"/><line nr="114" mi="0" ci="3" mb="0" cb="0"/><line nr="115" mi="0" ci="3" mb="0" cb="0"/><line nr="116" mi="0" ci="1" mb="0" cb="0"/><line nr="119" mi="0" ci="3" mb="0" cb="0"/><line nr="123" mi="0" ci="3" mb="0" cb="0"/><line nr="124" mi="0" ci="1" mb="0" cb="0"/><line nr="127" mi="0" ci="3" mb="0" cb="0"/><line nr="131" mi="0" ci="3" mb="0" cb="0"/><line nr="132" mi="0" ci="1" mb="0" cb="0"/><line nr="135" mi="0" ci="8" mb="0" cb="6"/><line nr="136" mi="0" ci="2" mb="0" cb="0"/><line nr="140" mi="0" ci="6" mb="0" cb="2"/><line nr="141" mi="0" ci="14" mb="0" cb="4"/><line nr="144" mi="0" ci="14" mb="0" cb="4"/><line nr="149" mi="0" ci="3" mb="0" cb="2"/><line nr="150" mi="0" ci="2" mb="0" cb="0"/><line nr="151" mi="0" ci="7" mb="0" cb="4"/><line nr="152" mi="0" ci="2" mb="0" cb="0"/><line nr="153" mi="0" ci="3" mb="0" cb="0"/><line nr="154" mi="0" ci="11" mb="0" cb="2"/><line nr="155" mi="0" ci="5" mb="1" cb="1"/><line nr="160" mi="0" ci="14" mb="0" cb="0"/><line nr="165" mi="0" ci="8" mb="0" cb="0"/><line nr="171" mi="0" ci="5" mb="0" cb="0"/><line nr="172" mi="0" ci="16" mb="0" cb="2"/><line nr="173" mi="0" ci="6" mb="0" cb="0"/><line nr="174" mi="0" ci="8" mb="0" cb="0"/><line nr="175" mi="0" ci="2" mb="0" cb="2"/><line nr="176" mi="0" ci="5" mb="0" cb="0"/><line nr="178" mi="0" ci="4" mb="0" cb="0"/><line nr="180" mi="0" ci="4" mb="0" cb="0"/><line nr="182" mi="0" ci="4" mb="0" cb="0"/><line nr="183" mi="0" ci="3" mb="0" cb="0"/><counter type="INSTRUCTION" missed="4" covered="312"/><counter type="BRANCH" missed="1" covered="49"/><counter type="LINE" missed="1" covered="75"/><counter type="COMPLEXITY" missed="2" covered="45"/><counter type="METHOD" missed="1" covered="21"/><counter type="CLASS" missed="0" covered="2"/></sourcefile><sourcefile name="SearchCriteria.java"><line nr="33" mi="0" ci="3" mb="0" cb="0"/><line nr="34" mi="0" ci="36" mb="0" cb="0"/><line nr="37" mi="0" ci="2" mb="0" cb="0"/><line nr="38" mi="0" ci="5" mb="0" cb="0"/><line nr="39" mi="0" ci="3" mb="0" cb="0"/><line nr="40" mi="0" ci="3" mb="0" cb="0"/><line nr="41" mi="0" ci="3" mb="0" cb="0"/><line nr="42" mi="0" ci="1" mb="0" cb="0"/><line nr="46" mi="0" ci="3" mb="0" cb="0"/><line nr="47" mi="0" ci="2" mb="0" cb="0"/><line nr="51" mi="0" ci="3" mb="0" cb="0"/><line nr="52" mi="0" ci="2" mb="0" cb="0"/><line nr="56" mi="0" ci="3" mb="0" cb="0"/><line nr="57" mi="0" ci="2" mb="0" cb="0"/><line nr="61" mi="0" ci="3" mb="0" cb="0"/><line nr="62" mi="0" ci="2" mb="0" cb="0"/><line nr="66" mi="0" ci="2" mb="0" cb="2"/><line nr="67" mi="0" ci="5" mb="0" cb="0"/><line nr="69" mi="0" ci="2" mb="0" cb="0"/><line nr="73" mi="0" ci="3" mb="0" cb="0"/><line nr="74" mi="0" ci="2" mb="0" cb="0"/><line nr="78" mi="0" ci="3" mb="0" cb="0"/><line nr="79" mi="0" ci="2" mb="0" cb="0"/><line nr="83" mi="0" ci="3" mb="0" cb="0"/><line nr="84" mi="0" ci="2" mb="0" cb="0"/><line nr="88" mi="0" ci="3" mb="0" cb="0"/><line nr="89" mi="0" ci="2" mb="0" cb="0"/><line nr="93" mi="0" ci="3" mb="0" cb="0"/><line nr="94" mi="0" ci="2" mb="0" cb="0"/><line nr="98" mi="0" ci="3" mb="0" cb="0"/><line nr="99" mi="0" ci="2" mb="0" cb="0"/><line nr="103" mi="0" ci="3" mb="0" cb="0"/><line nr="104" mi="0" ci="2" mb="0" cb="0"/><line nr="108" mi="0" ci="3" mb="0" cb="0"/><line nr="109" mi="0" ci="2" mb="0" cb="0"/><line nr="113" mi="0" ci="3" mb="0" cb="0"/><line nr="114" mi="0" ci="2" mb="0" cb="0"/><line nr="118" mi="0" ci="3" mb="0" cb="0"/><line nr="119" mi="0" ci="2" mb="0" cb="0"/><line nr="123" mi="0" ci="4" mb="0" cb="0"/><line nr="124" mi="0" ci="4" mb="0" cb="0"/><line nr="125" mi="0" ci="4" mb="0" cb="0"/><line nr="126" mi="0" ci="2" mb="0" cb="0"/><line nr="130" mi="0" ci="3" mb="0" cb="0"/><line nr="131" mi="0" ci="2" mb="0" cb="0"/><line nr="135" mi="0" ci="3" mb="0" cb="0"/><line nr="136" mi="0" ci="2" mb="0" cb="0"/><line nr="140" mi="0" ci="3" mb="0" cb="0"/><line nr="141" mi="0" ci="2" mb="0" cb="0"/><line nr="145" mi="0" ci="3" mb="0" cb="0"/><line nr="146" mi="0" ci="2" mb="0" cb="0"/><line nr="151" mi="0" ci="3" mb="0" cb="0"/><line nr="155" mi="0" ci="3" mb="0" cb="0"/><line nr="156" mi="0" ci="1" mb="0" cb="0"/><line nr="159" mi="0" ci="3" mb="0" cb="0"/><line nr="163" mi="0" ci="3" mb="0" cb="0"/><line nr="164" mi="0" ci="1" mb="0" cb="0"/><line nr="167" mi="0" ci="3" mb="0" cb="0"/><line nr="171" mi="0" ci="3" mb="0" cb="0"/><line nr="172" mi="0" ci="1" mb="0" cb="0"/><line nr="175" mi="0" ci="3" mb="0" cb="0"/><line nr="179" mi="0" ci="3" mb="0" cb="0"/><line nr="180" mi="0" ci="1" mb="0" cb="0"/><line nr="183" mi="0" ci="3" mb="0" cb="0"/><line nr="187" mi="0" ci="3" mb="0" cb="0"/><line nr="188" mi="0" ci="1" mb="0" cb="0"/><line nr="191" mi="0" ci="3" mb="0" cb="0"/><line nr="195" mi="0" ci="3" mb="0" cb="0"/><line nr="196" mi="0" ci="1" mb="0" cb="0"/><line nr="199" mi="0" ci="3" mb="0" cb="0"/><line nr="203" mi="0" ci="3" mb="0" cb="0"/><line nr="204" mi="0" ci="1" mb="0" cb="0"/><line nr="207" mi="0" ci="3" mb="0" cb="0"/><line nr="211" mi="0" ci="3" mb="0" cb="0"/><line nr="212" mi="0" ci="1" mb="0" cb="0"/><line nr="215" mi="0" ci="3" mb="0" cb="0"/><line nr="219" mi="0" ci="3" mb="0" cb="0"/><line nr="220" mi="0" ci="1" mb="0" cb="0"/><line nr="223" mi="0" ci="3" mb="0" cb="0"/><line nr="227" mi="0" ci="3" mb="0" cb="0"/><line nr="228" mi="0" ci="1" mb="0" cb="0"/><line nr="231" mi="0" ci="3" mb="0" cb="0"/><line nr="235" mi="0" ci="3" mb="0" cb="0"/><line nr="236" mi="0" ci="1" mb="0" cb="0"/><line nr="239" mi="0" ci="3" mb="0" cb="0"/><line nr="243" mi="0" ci="3" mb="0" cb="0"/><line nr="244" mi="0" ci="1" mb="0" cb="0"/><line nr="247" mi="0" ci="3" mb="0" cb="0"/><line nr="251" mi="0" ci="3" mb="0" cb="0"/><line nr="252" mi="0" ci="1" mb="0" cb="0"/><line nr="255" mi="0" ci="3" mb="0" cb="0"/><line nr="259" mi="0" ci="3" mb="0" cb="0"/><line nr="260" mi="0" ci="1" mb="0" cb="0"/><line nr="263" mi="0" ci="3" mb="0" cb="0"/><line nr="267" mi="0" ci="3" mb="0" cb="0"/><line nr="268" mi="0" ci="1" mb="0" cb="0"/><line nr="271" mi="0" ci="3" mb="0" cb="0"/><line nr="275" mi="0" ci="3" mb="0" cb="0"/><line nr="276" mi="0" ci="1" mb="0" cb="0"/><line nr="279" mi="0" ci="3" mb="0" cb="0"/><line nr="283" mi="0" ci="3" mb="0" cb="0"/><line nr="284" mi="0" ci="1" mb="0" cb="0"/><line nr="287" mi="0" ci="3" mb="0" cb="0"/><line nr="291" mi="0" ci="3" mb="0" cb="0"/><line nr="292" mi="0" ci="1" mb="0" cb="0"/><line nr="295" mi="0" ci="3" mb="0" cb="0"/><line nr="299" mi="0" ci="3" mb="0" cb="0"/><line nr="300" mi="0" ci="1" mb="0" cb="0"/><line nr="303" mi="0" ci="3" mb="0" cb="0"/><line nr="307" mi="0" ci="3" mb="0" cb="0"/><line nr="308" mi="0" ci="1" mb="0" cb="0"/><line nr="311" mi="0" ci="3" mb="0" cb="0"/><line nr="315" mi="0" ci="3" mb="0" cb="0"/><line nr="316" mi="0" ci="1" mb="0" cb="0"/><line nr="319" mi="0" ci="3" mb="0" cb="0"/><line nr="323" mi="0" ci="3" mb="0" cb="0"/><line nr="324" mi="0" ci="1" mb="0" cb="0"/><line nr="327" mi="0" ci="19" mb="0" cb="8"/><line nr="331" mi="0" ci="13" mb="0" cb="6"/><line nr="335" mi="0" ci="10" mb="0" cb="4"/><line nr="339" mi="0" ci="15" mb="0" cb="8"/><line nr="340" mi="0" ci="33" mb="1" cb="21"/><line nr="345" mi="0" ci="5" mb="0" cb="2"/><counter type="INSTRUCTION" missed="0" covered="418"/><counter type="BRANCH" missed="1" covered="51"/><counter type="LINE" missed="0" covered="123"/><counter type="COMPLEXITY" missed="1" covered="95"/><counter type="METHOD" missed="0" covered="70"/><counter type="CLASS" missed="0" covered="2"/></sourcefile><sourcefile name="Review.java"><line nr="22" mi="0" ci="2" mb="0" cb="0"/><line nr="23" mi="0" ci="3" mb="0" cb="0"/><line nr="24" mi="0" ci="3" mb="0" cb="0"/><line nr="25" mi="0" ci="1" mb="0" cb="0"/><line nr="28" mi="0" ci="2" mb="0" cb="0"/><line nr="29" mi="0" ci="3" mb="0" cb="0"/><line nr="30" mi="0" ci="3" mb="0" cb="0"/><line nr="31" mi="0" ci="3" mb="0" cb="0"/><line nr="32" mi="0" ci="3" mb="0" cb="0"/><line nr="33" mi="0" ci="1" mb="0" cb="0"/><line nr="36" mi="0" ci="3" mb="0" cb="0"/><line nr="40" mi="0" ci="3" mb="0" cb="0"/><line nr="41" mi="0" ci="1" mb="0" cb="0"/><line nr="44" mi="0" ci="3" mb="0" cb="0"/><line nr="48" mi="0" ci="3" mb="0" cb="0"/><line nr="49" mi="0" ci="1" mb="0" cb="0"/><line nr="52" mi="0" ci="3" mb="0" cb="0"/><line nr="56" mi="0" ci="3" mb="0" cb="0"/><line nr="57" mi="0" ci="1" mb="0" cb="0"/><line nr="60" mi="0" ci="3" mb="0" cb="0"/><line nr="64" mi="0" ci="3" mb="0" cb="0"/><line nr="65" mi="0" ci="1" mb="0" cb="0"/><line nr="68" mi="0" ci="3" mb="0" cb="0"/><line nr="72" mi="0" ci="3" mb="0" cb="0"/><line nr="73" mi="0" ci="1" mb="0" cb="0"/><line nr="76" mi="0" ci="3" mb="0" cb="0"/><line nr="80" mi="0" ci="3" mb="0" cb="0"/><line nr="81" mi="0" ci="1" mb="0" cb="0"/><line nr="84" mi="0" ci="3" mb="0" cb="0"/><line nr="88" mi="0" ci="3" mb="0" cb="0"/><line nr="89" mi="0" ci="1" mb="0" cb="0"/><line nr="92" mi="0" ci="3" mb="0" cb="0"/><line nr="96" mi="0" ci="3" mb="0" cb="0"/><line nr="97" mi="0" ci="1" mb="0" cb="0"/><line nr="100" mi="0" ci="3" mb="0" cb="0"/><line nr="104" mi="0" ci="3" mb="0" cb="0"/><line nr="105" mi="0" ci="1" mb="0" cb="0"/><line nr="108" mi="0" ci="3" mb="0" cb="0"/><line nr="112" mi="0" ci="3" mb="0" cb="0"/><line nr="113" mi="0" ci="1" mb="0" cb="0"/><line nr="116" mi="0" ci="3" mb="0" cb="0"/><line nr="120" mi="0" ci="3" mb="0" cb="0"/><line nr="121" mi="0" ci="1" mb="0" cb="0"/><line nr="124" mi="0" ci="8" mb="0" cb="4"/><line nr="125" mi="0" ci="2" mb="0" cb="0"/><line nr="127" mi="0" ci="8" mb="0" cb="4"/><line nr="128" mi="0" ci="2" mb="0" cb="0"/><line nr="130" mi="0" ci="8" mb="0" cb="4"/><line nr="131" mi="0" ci="2" mb="0" cb="0"/><line nr="133" mi="0" ci="2" mb="0" cb="0"/><line nr="138" mi="0" ci="6" mb="0" cb="0"/><line nr="139" mi="0" ci="3" mb="0" cb="2"/><line nr="140" mi="0" ci="4" mb="0" cb="0"/><line nr="142" mi="0" ci="4" mb="0" cb="2"/><line nr="143" mi="0" ci="5" mb="0" cb="0"/><line nr="144" mi="0" ci="4" mb="0" cb="2"/><line nr="145" mi="0" ci="4" mb="0" cb="0"/><line nr="147" mi="0" ci="4" mb="0" cb="0"/><line nr="151" mi="0" ci="3" mb="0" cb="2"/><line nr="152" mi="0" ci="2" mb="0" cb="0"/><line nr="154" mi="0" ci="7" mb="0" cb="0"/><line nr="164" mi="0" ci="8" mb="0" cb="2"/><line nr="173" mi="0" ci="8" mb="0" cb="2"/><line nr="183" mi="0" ci="2" mb="0" cb="2"/><line nr="184" mi="0" ci="2" mb="0" cb="0"/><line nr="186" mi="0" ci="6" mb="0" cb="0"/><line nr="191" mi="0" ci="3" mb="0" cb="2"/><line nr="192" mi="0" ci="2" mb="0" cb="0"/><line nr="193" mi="0" ci="7" mb="0" cb="4"/><line nr="194" mi="0" ci="2" mb="0" cb="0"/><line nr="195" mi="0" ci="3" mb="0" cb="0"/><line nr="196" mi="0" ci="6" mb="0" cb="0"/><line nr="201" mi="0" ci="9" mb="0" cb="0"/><line nr="206" mi="0" ci="5" mb="0" cb="0"/><line nr="209" mi="0" ci="20" mb="0" cb="4"/><counter type="INSTRUCTION" missed="0" covered="262"/><counter type="BRANCH" missed="0" covered="36"/><counter type="LINE" missed="0" covered="75"/><counter type="COMPLEXITY" missed="0" covered="51"/><counter type="METHOD" missed="0" covered="33"/><counter type="CLASS" missed="0" covered="1"/></sourcefile><counter type="INSTRUCTION" missed="24" covered="2369"/><counter type="BRANCH" missed="23" covered="315"/><counter type="LINE" missed="8" covered="638"/><counter type="COMPLEXITY" missed="27" covered="405"/><counter type="METHOD" missed="4" covered="259"/><counter type="CLASS" missed="0" covered="10"/></package><counter type="INSTRUCTION" missed="136" covered="9914"/><counter type="BRANCH" missed="156" covered="1414"/><counter type="LINE" missed="45" covered="2235"/><counter type="COMPLEXITY" missed="163" covered="1080"/><counter type="METHOD" missed="8" covered="441"/><counter type="CLASS" missed="0" covered="24"/></report>