<?xml version="1.0" encoding="UTF-8"?>
<testsuite xmlns:xsi="http://www.w3.org/2001/XMLSchema-instance" xsi:noNamespaceSchemaLocation="https://maven.apache.org/surefire/maven-surefire-plugin/xsd/surefire-test-report-3.0.xsd" version="3.0" name="org.example.restaurant.service.InputValidatorTest" time="0.011" tests="36" errors="0" skipped="0" failures="0">
  <properties>
[...]
</properties>
  <testcase name="validateMenuItem_PriceTooHigh_ThrowsException" classname="org.example.restaurant.service.InputValidatorTest" time="0.0"/>
  <testcase name="validateBusinessHours_ValidHours_Passes" classname="org.example.restaurant.service.InputValidatorTest" time="0.001"/>
  <testcase name="validateReview_NullReview_ThrowsException" classname="org.example.restaurant.service.InputValidatorTest" time="0.0"/>
  <testcase name="validateRestaurant_EmptyId_ThrowsException" classname="org.example.restaurant.service.InputValidatorTest" time="0.0"/>
  <testcase name="validateReview_ProfanityInComment_ThrowsException" classname="org.example.restaurant.service.InputValidatorTest" time="0.0"/>
  <testcase name="validateSearchCriteria_NullCriteria_ThrowsException" classname="org.example.restaurant.service.InputValidatorTest" time="0.0"/>
  <testcase name="validateRestaurant_InvalidPhoneNumber_ThrowsException" classname="org.example.restaurant.service.InputValidatorTest" time="0.001"/>
  <testcase name="validateReview_CommentTooLong_ThrowsException" classname="org.example.restaurant.service.InputValidatorTest" time="0.0"/>
  <testcase name="validateMenuItem_ValidItem_Passes" classname="org.example.restaurant.service.InputValidatorTest" time="0.0"/>
  <testcase name="validateRestaurant_InvalidPriceLevel_ThrowsException" classname="org.example.restaurant.service.InputValidatorTest" time="0.0"/>
  <testcase name="validateSearchCriteria_InvalidRatingRange_ThrowsException" classname="org.example.restaurant.service.InputValidatorTest" time="0.0"/>
  <testcase name="validateReview_InvalidRating_ThrowsException" classname="org.example.restaurant.service.InputValidatorTest" time="0.0"/>
  <testcase name="validateLocation_CityTooLong_ThrowsException" classname="org.example.restaurant.service.InputValidatorTest" time="0.0"/>
  <testcase name="validateLocation_InvalidLatitude_ThrowsException" classname="org.example.restaurant.service.InputValidatorTest" time="0.0"/>
  <testcase name="validateLocation_InvalidLongitude_ThrowsException" classname="org.example.restaurant.service.InputValidatorTest" time="0.0"/>
  <testcase name="validateRestaurant_NullRestaurant_ThrowsException" classname="org.example.restaurant.service.InputValidatorTest" time="0.0"/>
  <testcase name="validateRestaurant_NameTooLong_ThrowsException" classname="org.example.restaurant.service.InputValidatorTest" time="0.0"/>
  <testcase name="validateSearchCriteria_InvalidPriceLevel_ThrowsException" classname="org.example.restaurant.service.InputValidatorTest" time="0.0"/>
  <testcase name="validateSearchCriteria_ValidCriteria_Passes" classname="org.example.restaurant.service.InputValidatorTest" time="0.0"/>
  <testcase name="validateLocation_ValidLocation_Passes" classname="org.example.restaurant.service.InputValidatorTest" time="0.0"/>
  <testcase name="validateSearchCriteria_KeywordTooLong_ThrowsException" classname="org.example.restaurant.service.InputValidatorTest" time="0.0"/>
  <testcase name="validateReview_ValidReview_Passes" classname="org.example.restaurant.service.InputValidatorTest" time="0.0"/>
  <testcase name="validateRestaurant_InvalidWebsite_ThrowsException" classname="org.example.restaurant.service.InputValidatorTest" time="0.0"/>
  <testcase name="validateMenuItem_NegativePrice_ThrowsException" classname="org.example.restaurant.service.InputValidatorTest" time="0.001"/>
  <testcase name="validateRestaurant_ValidWebsite_Passes" classname="org.example.restaurant.service.InputValidatorTest" time="0.0"/>
  <testcase name="validateRestaurant_ValidPhoneNumber_Passes" classname="org.example.restaurant.service.InputValidatorTest" time="0.0"/>
  <testcase name="validateBusinessHours_NullHours_ThrowsException" classname="org.example.restaurant.service.InputValidatorTest" time="0.0"/>
  <testcase name="validateRestaurant_NullId_ThrowsException" classname="org.example.restaurant.service.InputValidatorTest" time="0.001"/>
  <testcase name="validateReview_RatingBelowOne_ThrowsException" classname="org.example.restaurant.service.InputValidatorTest" time="0.0"/>
  <testcase name="validateRestaurant_ValidRestaurant_Passes" classname="org.example.restaurant.service.InputValidatorTest" time="0.0"/>
  <testcase name="validateMenuItem_NullItem_ThrowsException" classname="org.example.restaurant.service.InputValidatorTest" time="0.0"/>
  <testcase name="validateRestaurant_NegativeAveragePrice_ThrowsException" classname="org.example.restaurant.service.InputValidatorTest" time="0.0"/>
  <testcase name="validateLocation_NullLocation_ThrowsException" classname="org.example.restaurant.service.InputValidatorTest" time="0.0"/>
  <testcase name="validateRestaurant_NameTooShort_ThrowsException" classname="org.example.restaurant.service.InputValidatorTest" time="0.0"/>
  <testcase name="validateRestaurant_NullName_ThrowsException" classname="org.example.restaurant.service.InputValidatorTest" time="0.0"/>
  <testcase name="validateRestaurant_IdTooLong_ThrowsException" classname="org.example.restaurant.service.InputValidatorTest" time="0.0"/>
</testsuite>