<?xml version="1.0" encoding="UTF-8"?>
<testsuite xmlns:xsi="http://www.w3.org/2001/XMLSchema-instance" xsi:noNamespaceSchemaLocation="https://maven.apache.org/surefire/maven-surefire-plugin/xsd/surefire-test-report-3.0.xsd" version="3.0" name="org.example.restaurant.service.PriceAnalyzerTest$Calculation" time="0.001" tests="13" errors="0" skipped="0" failures="0">
  <properties>
[...]
</properties>
  <testcase name="calculateAveragePrice_SkipsZeroPriceItems" classname="org.example.restaurant.service.PriceAnalyzerTest$Calculation" time="0.0"/>
  <testcase name="calculateAveragePrice_EmptyMenu_UsesRestaurantAverage" classname="org.example.restaurant.service.PriceAnalyzerTest$Calculation" time="0.0"/>
  <testcase name="calculateAveragePrice_AllUnavailable_UsesRestaurantAverage" classname="org.example.restaurant.service.PriceAnalyzerTest$Calculation" time="0.0"/>
  <testcase name="calculatePriceStatistics_NullList_ReturnsEmptyStats" classname="org.example.restaurant.service.PriceAnalyzerTest$Calculation" time="0.0"/>
  <testcase name="calculatePriceStatistics_CalculatesCorrectly" classname="org.example.restaurant.service.PriceAnalyzerTest$Calculation" time="0.0"/>
  <testcase name="calculatePriceStatistics_EmptyList_ReturnsEmptyStats" classname="org.example.restaurant.service.PriceAnalyzerTest$Calculation" time="0.0"/>
  <testcase name="calculateAveragePrice_CalculatesFromMenu" classname="org.example.restaurant.service.PriceAnalyzerTest$Calculation" time="0.0"/>
  <testcase name="calculateAveragePrice_SkipsNullMenuItems" classname="org.example.restaurant.service.PriceAnalyzerTest$Calculation" time="0.001"/>
  <testcase name="calculateAveragePrice_IgnoresUnavailableItems" classname="org.example.restaurant.service.PriceAnalyzerTest$Calculation" time="0.0"/>
  <testcase name="calculatePriceStatistics_SkipsNoPriceRestaurants" classname="org.example.restaurant.service.PriceAnalyzerTest$Calculation" time="0.0"/>
  <testcase name="calculateAveragePrice_NullRestaurant_ReturnsZero" classname="org.example.restaurant.service.PriceAnalyzerTest$Calculation" time="0.0"/>
  <testcase name="priceStatistics_ToString_FormatsCorrectly" classname="org.example.restaurant.service.PriceAnalyzerTest$Calculation" time="0.0"/>
  <testcase name="calculatePriceStatistics_SkipsNullRestaurants" classname="org.example.restaurant.service.PriceAnalyzerTest$Calculation" time="0.0"/>
</testsuite>